2014/01/11 22:58:17 [error] [exception.CHttpException.404] exception 'CHttpException' with message 'The system is unable to find the requested action "index".' in D:\www\campus\framework\web\CController.php:484
Stack trace:
#0 D:\www\campus\framework\web\CController.php(271): CController->missingAction('')
#1 D:\www\campus\framework\web\CWebApplication.php(276): CController->run('')
#2 D:\www\campus\framework\web\CWebApplication.php(135): CWebApplication->runController('')
#3 D:\www\campus\framework\base\CApplication.php(162): CWebApplication->processRequest()
#4 D:\www\campus\applications\webservice\index.php(8): CApplication->run()
#5 {main}
REQUEST_URI=/
---
2014/01/11 22:58:17 [error] [webervice] Request:  Response: Array API Method: error API Version: api  IP: 127.0.0.1  Status: error  
2014/01/11 22:58:23 [error] [exception.CHttpException.404] exception 'CHttpException' with message 'The system is unable to find the requested action "index".' in D:\www\campus\framework\web\CController.php:484
Stack trace:
#0 D:\www\campus\framework\web\CController.php(271): CController->missingAction('')
#1 D:\www\campus\framework\web\CWebApplication.php(276): CController->run('')
#2 D:\www\campus\framework\web\CWebApplication.php(135): CWebApplication->runController('')
#3 D:\www\campus\framework\base\CApplication.php(162): CWebApplication->processRequest()
#4 D:\www\campus\applications\webservice\index.php(8): CApplication->run()
#5 {main}
REQUEST_URI=/
---
2014/01/11 22:58:23 [error] [webervice] Request:  Response: Array API Method: error API Version: api  IP: 127.0.0.1  Status: error  
2014/01/11 22:58:23 [error] [exception.CHttpException.404] exception 'CHttpException' with message 'Unable to resolve the request "favicon.ico".' in D:\www\campus\framework\web\CWebApplication.php:280
Stack trace:
#0 D:\www\campus\framework\web\CWebApplication.php(135): CWebApplication->runController('favicon.ico')
#1 D:\www\campus\framework\base\CApplication.php(162): CWebApplication->processRequest()
#2 D:\www\campus\applications\webservice\index.php(8): CApplication->run()
#3 {main}
REQUEST_URI=/favicon.ico
---
2014/01/11 22:58:23 [error] [webervice] Request:  Response: Array API Method: error API Version: api  IP: 127.0.0.1  Status: error  
2014/01/13 21:13:23 [error] [exception.CHttpException.404] exception 'CHttpException' with message 'The system is unable to find the requested action "index".' in D:\www\campus\framework\web\CController.php:484
Stack trace:
#0 D:\www\campus\framework\web\CController.php(271): CController->missingAction('')
#1 D:\www\campus\framework\web\CWebApplication.php(276): CController->run('')
#2 D:\www\campus\framework\web\CWebApplication.php(135): CWebApplication->runController('')
#3 D:\www\campus\framework\base\CApplication.php(162): CWebApplication->processRequest()
#4 D:\www\campus\applications\webservice\index.php(8): CApplication->run()
#5 {main}
REQUEST_URI=/
---
2014/01/13 21:13:23 [error] [webervice] Request:  Response: Array API Method: error API Version: api  IP: 127.0.0.1  Status: error  
2014/01/13 21:13:30 [error] [exception.CHttpException.404] exception 'CHttpException' with message 'The system is unable to find the requested action "index".' in D:\www\campus\framework\web\CController.php:484
Stack trace:
#0 D:\www\campus\framework\web\CController.php(271): CController->missingAction('')
#1 D:\www\campus\framework\web\CWebApplication.php(276): CController->run('')
#2 D:\www\campus\framework\web\CWebApplication.php(135): CWebApplication->runController('')
#3 D:\www\campus\framework\base\CApplication.php(162): CWebApplication->processRequest()
#4 D:\www\campus\applications\webservice\index.php(8): CApplication->run()
#5 {main}
REQUEST_URI=/
---
2014/01/13 21:13:30 [error] [webervice] Request:  Response: Array API Method: error API Version: api  IP: 127.0.0.1  Status: error  
2014/01/13 21:13:31 [error] [exception.CHttpException.404] exception 'CHttpException' with message 'Unable to resolve the request "favicon.ico".' in D:\www\campus\framework\web\CWebApplication.php:280
Stack trace:
#0 D:\www\campus\framework\web\CWebApplication.php(135): CWebApplication->runController('favicon.ico')
#1 D:\www\campus\framework\base\CApplication.php(162): CWebApplication->processRequest()
#2 D:\www\campus\applications\webservice\index.php(8): CApplication->run()
#3 {main}
REQUEST_URI=/favicon.ico
---
2014/01/13 21:13:31 [error] [webervice] Request:  Response: Array API Method: error API Version: api  IP: 127.0.0.1  Status: error  
2014/01/13 21:13:39 [error] [exception.CHttpException.404] exception 'CHttpException' with message 'The system is unable to find the requested action "index".' in D:\www\campus\framework\web\CController.php:484
Stack trace:
#0 D:\www\campus\framework\web\CController.php(271): CController->missingAction('')
#1 D:\www\campus\framework\web\CWebApplication.php(276): CController->run('')
#2 D:\www\campus\framework\web\CWebApplication.php(135): CWebApplication->runController('')
#3 D:\www\campus\framework\base\CApplication.php(162): CWebApplication->processRequest()
#4 D:\www\campus\applications\webservice\index.php(8): CApplication->run()
#5 {main}
REQUEST_URI=/?r=site
---
2014/01/13 21:13:39 [error] [webervice] Request:  Response: Array API Method: error API Version: api  IP: 127.0.0.1  Status: error  
2014/01/13 21:13:47 [error] [exception.CHttpException.404] exception 'CHttpException' with message 'Unable to resolve the request "s".' in D:\www\campus\framework\web\CWebApplication.php:280
Stack trace:
#0 D:\www\campus\framework\web\CWebApplication.php(135): CWebApplication->runController('s')
#1 D:\www\campus\framework\base\CApplication.php(162): CWebApplication->processRequest()
#2 D:\www\campus\applications\webservice\index.php(8): CApplication->run()
#3 {main}
REQUEST_URI=/s
---
2014/01/13 21:13:47 [error] [webervice] Request:  Response: Array API Method: error API Version: api  IP: 127.0.0.1  Status: error  
2014/01/13 21:13:53 [error] [exception.CHttpException.404] exception 'CHttpException' with message 'Unable to resolve the request "sasfd".' in D:\www\campus\framework\web\CWebApplication.php:280
Stack trace:
#0 D:\www\campus\framework\web\CWebApplication.php(135): CWebApplication->runController('sasfd')
#1 D:\www\campus\framework\base\CApplication.php(162): CWebApplication->processRequest()
#2 D:\www\campus\applications\webservice\index.php(8): CApplication->run()
#3 {main}
REQUEST_URI=/sasfd
---
2014/01/13 21:13:53 [error] [webervice] Request:  Response: Array API Method: error API Version: api  IP: 127.0.0.1  Status: error  
2014/01/13 21:14:02 [error] [exception.CHttpException.404] exception 'CHttpException' with message 'Unable to resolve the request "sasfd".' in D:\www\campus\framework\web\CWebApplication.php:280
Stack trace:
#0 D:\www\campus\framework\web\CWebApplication.php(135): CWebApplication->runController('sasfd')
#1 D:\www\campus\framework\base\CApplication.php(162): CWebApplication->processRequest()
#2 D:\www\campus\applications\webservice\index.php(8): CApplication->run()
#3 {main}
REQUEST_URI=/sasfd
---
2014/01/13 21:14:02 [error] [webervice] Request:  Response: Array API Method: error API Version: api  IP: 127.0.0.1  Status: error  
2014/01/13 21:14:08 [error] [exception.CHttpException.404] exception 'CHttpException' with message 'The system is unable to find the requested action "index".' in D:\www\campus\framework\web\CController.php:484
Stack trace:
#0 D:\www\campus\framework\web\CController.php(271): CController->missingAction('')
#1 D:\www\campus\framework\web\CWebApplication.php(276): CController->run('')
#2 D:\www\campus\framework\web\CWebApplication.php(135): CWebApplication->runController('')
#3 D:\www\campus\framework\base\CApplication.php(162): CWebApplication->processRequest()
#4 D:\www\campus\applications\webservice\index.php(8): CApplication->run()
#5 {main}
REQUEST_URI=/?r=sasfd
---
2014/01/13 21:14:08 [error] [webervice] Request:  Response: Array API Method: error API Version: api  IP: 127.0.0.1  Status: error  
2014/01/13 21:15:01 [error] [exception.CHttpException.404] exception 'CHttpException' in D:\www\campus\core\extensions\yii-backvendor\web\webservice\CWebserviceController.php:314
Stack trace:
#0 D:\www\campus\core\extensions\yii-backvendor\web\webservice\CWebserviceController.php(194): CWebserviceController->createApiValidation('site', 'index')
#1 D:\www\campus\framework\web\CController.php(307): CWebserviceController->beforeAction(Object(CInlineAction))
#2 D:\www\campus\framework\web\CController.php(287): CController->runAction(Object(CInlineAction))
#3 D:\www\campus\framework\web\CController.php(266): CController->runActionWithFilters(Object(CInlineAction), Array)
#4 D:\www\campus\framework\web\CWebApplication.php(276): CController->run('')
#5 D:\www\campus\framework\web\CWebApplication.php(135): CWebApplication->runController('')
#6 D:\www\campus\framework\base\CApplication.php(162): CWebApplication->processRequest()
#7 D:\www\campus\applications\webservice\index.php(8): CApplication->run()
#8 {main}
REQUEST_URI=/?r=sasfd
---
2014/01/13 21:15:01 [error] [webervice] Request:  Response: Array API Method: error API Version: api  IP: 127.0.0.1  Status: error  
2014/01/13 21:15:02 [error] [exception.CHttpException.404] exception 'CHttpException' in D:\www\campus\core\extensions\yii-backvendor\web\webservice\CWebserviceController.php:314
Stack trace:
#0 D:\www\campus\core\extensions\yii-backvendor\web\webservice\CWebserviceController.php(194): CWebserviceController->createApiValidation('site', 'index')
#1 D:\www\campus\framework\web\CController.php(307): CWebserviceController->beforeAction(Object(CInlineAction))
#2 D:\www\campus\framework\web\CController.php(287): CController->runAction(Object(CInlineAction))
#3 D:\www\campus\framework\web\CController.php(266): CController->runActionWithFilters(Object(CInlineAction), Array)
#4 D:\www\campus\framework\web\CWebApplication.php(276): CController->run('')
#5 D:\www\campus\framework\web\CWebApplication.php(135): CWebApplication->runController('')
#6 D:\www\campus\framework\base\CApplication.php(162): CWebApplication->processRequest()
#7 D:\www\campus\applications\webservice\index.php(8): CApplication->run()
#8 {main}
REQUEST_URI=/?r=sasfd
---
2014/01/13 21:15:02 [error] [webervice] Request:  Response: Array API Method: error API Version: api  IP: 127.0.0.1  Status: error  
2014/01/13 21:17:04 [error] [php] include(CWebserviceController.php): failed to open stream: No such file or directory (D:\www\campus\framework\YiiBase.php:418)
Stack trace:
#0 D:\www\campus\applications\webservice\protected\controllers\SiteController.php(2): spl_autoload_call()
#1 D:\www\campus\framework\web\CWebApplication.php(344): require()
#2 D:\www\campus\framework\web\CWebApplication.php(270): CWebApplication->createController()
#3 D:\www\campus\framework\web\CWebApplication.php(135): CWebApplication->runController()
#4 D:\www\campus\framework\base\CApplication.php(162): CWebApplication->processRequest()
#5 D:\www\campus\applications\webservice\index.php(8): CWebApplication->run()
REQUEST_URI=/?r=sasfd
2014/01/13 21:17:09 [error] [exception.CHttpException.404] exception 'CHttpException' in D:\www\campus\core\extensions\yii-backvendor\web\webservice\CWebserviceController.php:314
Stack trace:
#0 D:\www\campus\core\extensions\yii-backvendor\web\webservice\CWebserviceController.php(194): CWebserviceController->createApiValidation('site', 'index')
#1 D:\www\campus\framework\web\CController.php(307): CWebserviceController->beforeAction(Object(CInlineAction))
#2 D:\www\campus\framework\web\CController.php(287): CController->runAction(Object(CInlineAction))
#3 D:\www\campus\framework\web\CController.php(266): CController->runActionWithFilters(Object(CInlineAction), Array)
#4 D:\www\campus\framework\web\CWebApplication.php(276): CController->run('')
#5 D:\www\campus\framework\web\CWebApplication.php(135): CWebApplication->runController('')
#6 D:\www\campus\framework\base\CApplication.php(162): CWebApplication->processRequest()
#7 D:\www\campus\applications\webservice\index.php(8): CApplication->run()
#8 {main}
REQUEST_URI=/?r=sasfd
---
2014/01/13 21:17:09 [error] [webervice] Request:  Response: Array API Method: error API Version: api  IP: 127.0.0.1  Status: error  
2014/01/13 21:17:37 [error] [exception.CHttpException.404] exception 'CHttpException' in D:\www\campus\core\extensions\yii-backvendor\web\webservice\CWebserviceController.php:314
Stack trace:
#0 D:\www\campus\core\extensions\yii-backvendor\web\webservice\CWebserviceController.php(194): CWebserviceController->createApiValidation('site', 'index')
#1 D:\www\campus\framework\web\CController.php(307): CWebserviceController->beforeAction(Object(CInlineAction))
#2 D:\www\campus\framework\web\CController.php(287): CController->runAction(Object(CInlineAction))
#3 D:\www\campus\framework\web\CController.php(266): CController->runActionWithFilters(Object(CInlineAction), Array)
#4 D:\www\campus\framework\web\CWebApplication.php(276): CController->run('')
#5 D:\www\campus\framework\web\CWebApplication.php(135): CWebApplication->runController('')
#6 D:\www\campus\framework\base\CApplication.php(162): CWebApplication->processRequest()
#7 D:\www\campus\applications\webservice\index.php(8): CApplication->run()
#8 {main}
REQUEST_URI=/?r=site/index
---
2014/01/13 21:17:37 [error] [webervice] Request:  Response: Array API Method: error API Version: api  IP: 127.0.0.1  Status: error  
2014/01/13 21:25:09 [error] [exception.CHttpException.404] exception 'CHttpException' in D:\www\campus\core\extensions\yii-backvendor\web\webservice\CWebserviceController.php:314
Stack trace:
#0 D:\www\campus\core\extensions\yii-backvendor\web\webservice\CWebserviceController.php(194): CWebserviceController->createApiValidation('site', 'index')
#1 D:\www\campus\framework\web\CController.php(307): CWebserviceController->beforeAction(Object(CInlineAction))
#2 D:\www\campus\framework\web\CController.php(287): CController->runAction(Object(CInlineAction))
#3 D:\www\campus\framework\web\CController.php(266): CController->runActionWithFilters(Object(CInlineAction), Array)
#4 D:\www\campus\framework\web\CWebApplication.php(276): CController->run('')
#5 D:\www\campus\framework\web\CWebApplication.php(135): CWebApplication->runController('')
#6 D:\www\campus\framework\base\CApplication.php(162): CWebApplication->processRequest()
#7 D:\www\campus\applications\webservice\index.php(8): CApplication->run()
#8 {main}
REQUEST_URI=/?r=site/index
---
2014/01/13 21:25:09 [error] [webervice] Request:  Response: Array API Method: error API Version: api  IP: 127.0.0.1  Status: error  
2014/01/13 21:25:10 [error] [exception.CHttpException.404] exception 'CHttpException' in D:\www\campus\core\extensions\yii-backvendor\web\webservice\CWebserviceController.php:314
Stack trace:
#0 D:\www\campus\core\extensions\yii-backvendor\web\webservice\CWebserviceController.php(194): CWebserviceController->createApiValidation('site', 'index')
#1 D:\www\campus\framework\web\CController.php(307): CWebserviceController->beforeAction(Object(CInlineAction))
#2 D:\www\campus\framework\web\CController.php(287): CController->runAction(Object(CInlineAction))
#3 D:\www\campus\framework\web\CController.php(266): CController->runActionWithFilters(Object(CInlineAction), Array)
#4 D:\www\campus\framework\web\CWebApplication.php(276): CController->run('')
#5 D:\www\campus\framework\web\CWebApplication.php(135): CWebApplication->runController('')
#6 D:\www\campus\framework\base\CApplication.php(162): CWebApplication->processRequest()
#7 D:\www\campus\applications\webservice\index.php(8): CApplication->run()
#8 {main}
REQUEST_URI=/?r=site/index
---
2014/01/13 21:25:10 [error] [webervice] Request:  Response: Array API Method: error API Version: api  IP: 127.0.0.1  Status: error  
2014/01/13 21:25:44 [error] [exception.CHttpException.404] exception 'CHttpException' in D:\www\campus\core\extensions\yii-backvendor\web\webservice\CWebserviceController.php:314
Stack trace:
#0 D:\www\campus\core\extensions\yii-backvendor\web\webservice\CWebserviceController.php(194): CWebserviceController->createApiValidation('site', 'index')
#1 D:\www\campus\framework\web\CController.php(307): CWebserviceController->beforeAction(Object(CInlineAction))
#2 D:\www\campus\framework\web\CController.php(287): CController->runAction(Object(CInlineAction))
#3 D:\www\campus\framework\web\CController.php(266): CController->runActionWithFilters(Object(CInlineAction), Array)
#4 D:\www\campus\framework\web\CWebApplication.php(276): CController->run('')
#5 D:\www\campus\framework\web\CWebApplication.php(135): CWebApplication->runController('')
#6 D:\www\campus\framework\base\CApplication.php(162): CWebApplication->processRequest()
#7 D:\www\campus\applications\webservice\index.php(8): CApplication->run()
#8 {main}
REQUEST_URI=/?r=site/index
---
2014/01/13 21:25:44 [error] [webervice] Request:  Response: Array API Method: error API Version: api  IP: 127.0.0.1  Status: error  
2014/01/13 21:25:51 [error] [exception.CHttpException.404] exception 'CHttpException' in D:\www\campus\core\extensions\yii-backvendor\web\webservice\CWebserviceController.php:314
Stack trace:
#0 D:\www\campus\core\extensions\yii-backvendor\web\webservice\CWebserviceController.php(194): CWebserviceController->createApiValidation('site', 'index')
#1 D:\www\campus\framework\web\CController.php(307): CWebserviceController->beforeAction(Object(CInlineAction))
#2 D:\www\campus\framework\web\CController.php(287): CController->runAction(Object(CInlineAction))
#3 D:\www\campus\framework\web\CController.php(266): CController->runActionWithFilters(Object(CInlineAction), Array)
#4 D:\www\campus\framework\web\CWebApplication.php(276): CController->run('')
#5 D:\www\campus\framework\web\CWebApplication.php(135): CWebApplication->runController('')
#6 D:\www\campus\framework\base\CApplication.php(162): CWebApplication->processRequest()
#7 D:\www\campus\applications\webservice\index.php(8): CApplication->run()
#8 {main}
REQUEST_URI=/?r=site/
---
2014/01/13 21:25:52 [error] [webervice] Request:  Response: Array API Method: error API Version: api  IP: 127.0.0.1  Status: error  
2014/01/13 21:26:04 [error] [exception.CHttpException.404] exception 'CHttpException' in D:\www\campus\core\extensions\yii-backvendor\web\webservice\CWebserviceController.php:314
Stack trace:
#0 D:\www\campus\core\extensions\yii-backvendor\web\webservice\CWebserviceController.php(194): CWebserviceController->createApiValidation('site', 'index')
#1 D:\www\campus\framework\web\CController.php(307): CWebserviceController->beforeAction(Object(CInlineAction))
#2 D:\www\campus\framework\web\CController.php(287): CController->runAction(Object(CInlineAction))
#3 D:\www\campus\framework\web\CController.php(266): CController->runActionWithFilters(Object(CInlineAction), Array)
#4 D:\www\campus\framework\web\CWebApplication.php(276): CController->run('')
#5 D:\www\campus\framework\web\CWebApplication.php(135): CWebApplication->runController('site')
#6 D:\www\campus\framework\base\CApplication.php(162): CWebApplication->processRequest()
#7 D:\www\campus\applications\webservice\index.php(8): CApplication->run()
#8 {main}
REQUEST_URI=/site
---
2014/01/13 21:26:04 [error] [webervice] Request:  Response: Array API Method: error API Version: api  IP: 127.0.0.1  Status: error  
2014/01/13 21:27:40 [error] [exception.CHttpException.404] exception 'CHttpException' in D:\www\campus\core\extensions\yii-backvendor\web\webservice\CWebserviceController.php:314
Stack trace:
#0 D:\www\campus\core\extensions\yii-backvendor\web\webservice\CWebserviceController.php(194): CWebserviceController->createApiValidation('site', 'index')
#1 D:\www\campus\framework\web\CController.php(307): CWebserviceController->beforeAction(Object(CInlineAction))
#2 D:\www\campus\framework\web\CController.php(287): CController->runAction(Object(CInlineAction))
#3 D:\www\campus\framework\web\CController.php(266): CController->runActionWithFilters(Object(CInlineAction), Array)
#4 D:\www\campus\framework\web\CWebApplication.php(276): CController->run('')
#5 D:\www\campus\framework\web\CWebApplication.php(135): CWebApplication->runController('site')
#6 D:\www\campus\framework\base\CApplication.php(162): CWebApplication->processRequest()
#7 D:\www\campus\applications\webservice\index.php(8): CApplication->run()
#8 {main}
REQUEST_URI=/site
---
2014/01/13 21:27:41 [error] [exception.CHttpException.404] exception 'CHttpException' in D:\www\campus\core\extensions\yii-backvendor\web\webservice\CWebserviceController.php:314
Stack trace:
#0 D:\www\campus\core\extensions\yii-backvendor\web\webservice\CWebserviceController.php(194): CWebserviceController->createApiValidation('site', 'index')
#1 D:\www\campus\framework\web\CController.php(307): CWebserviceController->beforeAction(Object(CInlineAction))
#2 D:\www\campus\framework\web\CController.php(287): CController->runAction(Object(CInlineAction))
#3 D:\www\campus\framework\web\CController.php(266): CController->runActionWithFilters(Object(CInlineAction), Array)
#4 D:\www\campus\framework\web\CWebApplication.php(276): CController->run('')
#5 D:\www\campus\framework\web\CWebApplication.php(135): CWebApplication->runController('site')
#6 D:\www\campus\framework\base\CApplication.php(162): CWebApplication->processRequest()
#7 D:\www\campus\applications\webservice\index.php(8): CApplication->run()
#8 {main}
REQUEST_URI=/site
---
2014/01/13 21:30:05 [error] [exception.CHttpException.404] exception 'CHttpException' in D:\www\campus\core\extensions\yii-backvendor\web\webservice\CWebserviceController.php:314
Stack trace:
#0 D:\www\campus\core\extensions\yii-backvendor\web\webservice\CWebserviceController.php(194): CWebserviceController->createApiValidation('site', 'index')
#1 D:\www\campus\framework\web\CController.php(307): CWebserviceController->beforeAction(Object(CInlineAction))
#2 D:\www\campus\framework\web\CController.php(287): CController->runAction(Object(CInlineAction))
#3 D:\www\campus\framework\web\CController.php(266): CController->runActionWithFilters(Object(CInlineAction), Array)
#4 D:\www\campus\framework\web\CWebApplication.php(276): CController->run('')
#5 D:\www\campus\framework\web\CWebApplication.php(135): CWebApplication->runController('site')
#6 D:\www\campus\framework\base\CApplication.php(162): CWebApplication->processRequest()
#7 D:\www\campus\applications\webservice\index.php(8): CApplication->run()
#8 {main}
REQUEST_URI=/site
---
2014/01/13 21:30:06 [error] [exception.CHttpException.404] exception 'CHttpException' in D:\www\campus\core\extensions\yii-backvendor\web\webservice\CWebserviceController.php:314
Stack trace:
#0 D:\www\campus\core\extensions\yii-backvendor\web\webservice\CWebserviceController.php(194): CWebserviceController->createApiValidation('site', 'index')
#1 D:\www\campus\framework\web\CController.php(307): CWebserviceController->beforeAction(Object(CInlineAction))
#2 D:\www\campus\framework\web\CController.php(287): CController->runAction(Object(CInlineAction))
#3 D:\www\campus\framework\web\CController.php(266): CController->runActionWithFilters(Object(CInlineAction), Array)
#4 D:\www\campus\framework\web\CWebApplication.php(276): CController->run('')
#5 D:\www\campus\framework\web\CWebApplication.php(135): CWebApplication->runController('site')
#6 D:\www\campus\framework\base\CApplication.php(162): CWebApplication->processRequest()
#7 D:\www\campus\applications\webservice\index.php(8): CApplication->run()
#8 {main}
REQUEST_URI=/site
---
2014/01/13 21:31:31 [error] [exception.CHttpException.404] exception 'CHttpException' in D:\www\campus\core\extensions\yii-backvendor\web\webservice\CWebserviceController.php:314
Stack trace:
#0 D:\www\campus\core\extensions\yii-backvendor\web\webservice\CWebserviceController.php(194): CWebserviceController->createApiValidation('site', 'index')
#1 D:\www\campus\framework\web\CController.php(307): CWebserviceController->beforeAction(Object(CInlineAction))
#2 D:\www\campus\framework\web\CController.php(287): CController->runAction(Object(CInlineAction))
#3 D:\www\campus\framework\web\CController.php(266): CController->runActionWithFilters(Object(CInlineAction), Array)
#4 D:\www\campus\framework\web\CWebApplication.php(276): CController->run('')
#5 D:\www\campus\framework\web\CWebApplication.php(135): CWebApplication->runController('site')
#6 D:\www\campus\framework\base\CApplication.php(162): CWebApplication->processRequest()
#7 D:\www\campus\applications\webservice\index.php(8): CApplication->run()
#8 {main}
REQUEST_URI=/site
---
2014/01/13 21:31:32 [error] [exception.CHttpException.404] exception 'CHttpException' in D:\www\campus\core\extensions\yii-backvendor\web\webservice\CWebserviceController.php:314
Stack trace:
#0 D:\www\campus\core\extensions\yii-backvendor\web\webservice\CWebserviceController.php(194): CWebserviceController->createApiValidation('site', 'index')
#1 D:\www\campus\framework\web\CController.php(307): CWebserviceController->beforeAction(Object(CInlineAction))
#2 D:\www\campus\framework\web\CController.php(287): CController->runAction(Object(CInlineAction))
#3 D:\www\campus\framework\web\CController.php(266): CController->runActionWithFilters(Object(CInlineAction), Array)
#4 D:\www\campus\framework\web\CWebApplication.php(276): CController->run('')
#5 D:\www\campus\framework\web\CWebApplication.php(135): CWebApplication->runController('site')
#6 D:\www\campus\framework\base\CApplication.php(162): CWebApplication->processRequest()
#7 D:\www\campus\applications\webservice\index.php(8): CApplication->run()
#8 {main}
REQUEST_URI=/site
---
2014/01/14 23:04:45 [error] [php] include(Controller.php): failed to open stream: No such file or directory (D:\www\campus\framework\YiiBase.php:418)
Stack trace:
#0 D:\www\campus\applications\webservice\protected\components\FController.php(3): spl_autoload_call()
#1 D:\www\campus\framework\YiiBase.php(418): include()
#2 unknown(0): autoload()
#3 D:\www\campus\applications\webservice\protected\controllers\SiteController.php(2): spl_autoload_call()
#4 D:\www\campus\framework\web\CWebApplication.php(344): require()
#5 D:\www\campus\framework\web\CWebApplication.php(270): CWebApplication->createController()
#6 D:\www\campus\framework\web\CWebApplication.php(135): CWebApplication->runController()
#7 D:\www\campus\framework\base\CApplication.php(162): CWebApplication->processRequest()
#8 D:\www\campus\applications\webservice\index.php(8): CWebApplication->run()
REQUEST_URI=/
2014/01/14 23:06:55 [error] [exception.CHttpException.404] exception 'CHttpException' with message 'The system is unable to find the requested action "sdf".' in D:\www\campus\framework\web\CController.php:484
Stack trace:
#0 D:\www\campus\framework\web\CController.php(271): CController->missingAction('sdf')
#1 D:\www\campus\framework\web\CWebApplication.php(276): CController->run('sdf')
#2 D:\www\campus\framework\web\CWebApplication.php(135): CWebApplication->runController('site/sdf')
#3 D:\www\campus\framework\base\CApplication.php(162): CWebApplication->processRequest()
#4 D:\www\campus\applications\webservice\index.php(8): CApplication->run()
#5 {main}
REQUEST_URI=/site/sdf
---
2014/01/14 23:07:08 [error] [exception.CException] exception 'CException' with message 'SiteController cannot find the requested view "2".' in D:\www\campus\framework\web\CController.php:879
Stack trace:
#0 D:\www\campus\framework\web\CController.php(783): CController->renderPartial('2', NULL, true)
#1 D:\www\campus\applications\webservice\protected\controllers\SiteController.php(10): CController->render('2')
#2 D:\www\campus\framework\web\actions\CInlineAction.php(50): SiteController->actionTest()
#3 D:\www\campus\framework\web\CController.php(309): CInlineAction->runWithParams(Array)
#4 D:\www\campus\framework\web\CController.php(287): CController->runAction(Object(CInlineAction))
#5 D:\www\campus\framework\web\CController.php(266): CController->runActionWithFilters(Object(CInlineAction), Array)
#6 D:\www\campus\framework\web\CWebApplication.php(276): CController->run('test')
#7 D:\www\campus\framework\web\CWebApplication.php(135): CWebApplication->runController('site/test')
#8 D:\www\campus\framework\base\CApplication.php(162): CWebApplication->processRequest()
#9 D:\www\campus\applications\webservice\index.php(8): CApplication->run()
#10 {main}
REQUEST_URI=/site/test
---
2014/01/14 23:09:17 [error] [exception.CHttpException.404] exception 'CHttpException' with message 'The system is unable to find the requested action "login".' in D:\www\campus\framework\web\CController.php:484
Stack trace:
#0 D:\www\campus\framework\web\CController.php(271): CController->missingAction('login')
#1 D:\www\campus\framework\web\CWebApplication.php(276): CController->run('login')
#2 D:\www\campus\framework\web\CWebApplication.php(135): CWebApplication->runController('site/login')
#3 D:\www\campus\framework\base\CApplication.php(162): CWebApplication->processRequest()
#4 D:\www\campus\applications\webservice\index.php(8): CApplication->run()
#5 {main}
REQUEST_URI=/index.php/site/login
---
2014/01/14 23:09:31 [error] [exception.CHttpException.404] exception 'CHttpException' with message 'The system is unable to find the requested action "login".' in D:\www\campus\framework\web\CController.php:484
Stack trace:
#0 D:\www\campus\framework\web\CController.php(271): CController->missingAction('login')
#1 D:\www\campus\framework\web\CWebApplication.php(276): CController->run('login')
#2 D:\www\campus\framework\web\CWebApplication.php(135): CWebApplication->runController('site/login')
#3 D:\www\campus\framework\base\CApplication.php(162): CWebApplication->processRequest()
#4 D:\www\campus\applications\webservice\index.php(8): CApplication->run()
#5 {main}
REQUEST_URI=/index.php/site/login
---
2014/01/14 23:09:32 [error] [exception.CHttpException.404] exception 'CHttpException' with message 'The system is unable to find the requested action "login".' in D:\www\campus\framework\web\CController.php:484
Stack trace:
#0 D:\www\campus\framework\web\CController.php(271): CController->missingAction('login')
#1 D:\www\campus\framework\web\CWebApplication.php(276): CController->run('login')
#2 D:\www\campus\framework\web\CWebApplication.php(135): CWebApplication->runController('site/login')
#3 D:\www\campus\framework\base\CApplication.php(162): CWebApplication->processRequest()
#4 D:\www\campus\applications\webservice\index.php(8): CApplication->run()
#5 {main}
REQUEST_URI=/index.php/site/login
---
2014/01/14 23:23:04 [error] [exception.CException] exception 'CException' with message 'Alias "bootstrap.widgets.TbGridView" is invalid. Make sure it points to an existing PHP file.' in D:\www\campus\framework\YiiBase.php:318
Stack trace:
#0 D:\www\campus\framework\web\CWidgetFactory.php(147): YiiBase::import('bootstrap.widge...', true)
#1 D:\www\campus\framework\web\CBaseController.php(147): CWidgetFactory->createWidget(Object(MaterialController), 'bootstrap.widge...', Array)
#2 D:\www\campus\framework\web\CBaseController.php(173): CBaseController->createWidget('bootstrap.widge...', Array)
#3 D:\www\campus\applications\webservice\protected\views\material\admin.php(64): CBaseController->widget('bootstrap.widge...', Array)
#4 D:\www\campus\framework\web\CBaseController.php(127): require('D:\www\campus\a...')
#5 D:\www\campus\framework\web\CBaseController.php(96): CBaseController->renderInternal('D:\www\campus\a...', Array, true)
#6 D:\www\campus\framework\web\CController.php(870): CBaseController->renderFile('D:\www\campus\a...', Array, true)
#7 D:\www\campus\framework\web\CController.php(783): CController->renderPartial('admin', Array, true)
#8 D:\www\campus\applications\webservice\protected\controllers\MaterialController.php(144): CController->render('admin', Array)
#9 D:\www\campus\framework\web\actions\CInlineAction.php(50): MaterialController->actionAdmin()
#10 D:\www\campus\framework\web\CController.php(309): CInlineAction->runWithParams(Array)
#11 D:\www\campus\framework\web\CController.php(287): CController->runAction(Object(CInlineAction))
#12 D:\www\campus\framework\web\CController.php(266): CController->runActionWithFilters(Object(CInlineAction), Array)
#13 D:\www\campus\framework\web\CWebApplication.php(276): CController->run('admin')
#14 D:\www\campus\framework\web\CWebApplication.php(135): CWebApplication->runController('material/admin/...')
#15 D:\www\campus\framework\base\CApplication.php(162): CWebApplication->processRequest()
#16 D:\www\campus\applications\webservice\index.php(8): CApplication->run()
#17 {main}
REQUEST_URI=/index.php/material/admin/Material_sort/author_id
HTTP_REFERER=http://campus.dev/material/admin
---
2014/01/14 23:27:58 [error] [exception.CException] exception 'CException' with message 'Alias "bootstrap.widgets.TbGridView" is invalid. Make sure it points to an existing PHP file.' in D:\www\campus\framework\YiiBase.php:318
Stack trace:
#0 D:\www\campus\framework\web\CWidgetFactory.php(147): YiiBase::import('bootstrap.widge...', true)
#1 D:\www\campus\framework\web\CBaseController.php(147): CWidgetFactory->createWidget(Object(MaterialController), 'bootstrap.widge...', Array)
#2 D:\www\campus\framework\web\CBaseController.php(173): CBaseController->createWidget('bootstrap.widge...', Array)
#3 D:\www\campus\applications\webservice\protected\views\material\admin.php(64): CBaseController->widget('bootstrap.widge...', Array)
#4 D:\www\campus\framework\web\CBaseController.php(127): require('D:\www\campus\a...')
#5 D:\www\campus\framework\web\CBaseController.php(96): CBaseController->renderInternal('D:\www\campus\a...', Array, true)
#6 D:\www\campus\framework\web\CController.php(870): CBaseController->renderFile('D:\www\campus\a...', Array, true)
#7 D:\www\campus\framework\web\CController.php(783): CController->renderPartial('admin', Array, true)
#8 D:\www\campus\applications\webservice\protected\controllers\MaterialController.php(144): CController->render('admin', Array)
#9 D:\www\campus\framework\web\actions\CInlineAction.php(50): MaterialController->actionAdmin()
#10 D:\www\campus\framework\web\CController.php(309): CInlineAction->runWithParams(Array)
#11 D:\www\campus\framework\web\CController.php(287): CController->runAction(Object(CInlineAction))
#12 D:\www\campus\framework\web\CController.php(266): CController->runActionWithFilters(Object(CInlineAction), Array)
#13 D:\www\campus\framework\web\CWebApplication.php(276): CController->run('admin')
#14 D:\www\campus\framework\web\CWebApplication.php(135): CWebApplication->runController('material/admin')
#15 D:\www\campus\framework\base\CApplication.php(162): CWebApplication->processRequest()
#16 D:\www\campus\applications\webservice\index.php(8): CApplication->run()
#17 {main}
REQUEST_URI=/index.php/material/admin
---
2014/01/14 23:38:51 [error] [exception.CException] exception 'CException' with message 'Alias "bootstrap.gii.bootstrap.BootstrapCode" is invalid. Make sure it points to an existing directory or file.' in D:\www\campus\framework\YiiBase.php:343
Stack trace:
#0 D:\www\campus\framework\gii\CCodeGenerator.php(151): YiiBase::import('bootstrap.gii.b...', true)
#1 D:\www\campus\framework\gii\CCodeGenerator.php(64): CCodeGenerator->prepare()
#2 D:\www\campus\framework\web\actions\CInlineAction.php(50): CCodeGenerator->actionIndex()
#3 D:\www\campus\framework\web\CController.php(309): CInlineAction->runWithParams(Array)
#4 D:\www\campus\framework\web\CController.php(287): CController->runAction(Object(CInlineAction))
#5 D:\www\campus\framework\web\CController.php(266): CController->runActionWithFilters(Object(CInlineAction), Array)
#6 D:\www\campus\framework\web\CWebApplication.php(276): CController->run('')
#7 D:\www\campus\framework\web\CWebApplication.php(135): CWebApplication->runController('gii/bootstrap')
#8 D:\www\campus\framework\base\CApplication.php(162): CWebApplication->processRequest()
#9 D:\www\campus\applications\webservice\index.php(8): CApplication->run()
#10 {main}
REQUEST_URI=/index.php/gii/bootstrap
HTTP_REFERER=http://campus.dev/index.php/gii/crud
---
2014/01/14 23:39:12 [error] [exception.CException] exception 'CException' with message 'Alias "bootstrap.gii.bootstrap.BootstrapCode" is invalid. Make sure it points to an existing directory or file.' in D:\www\campus\framework\YiiBase.php:343
Stack trace:
#0 D:\www\campus\framework\gii\CCodeGenerator.php(151): YiiBase::import('bootstrap.gii.b...', true)
#1 D:\www\campus\framework\gii\CCodeGenerator.php(64): CCodeGenerator->prepare()
#2 D:\www\campus\framework\web\actions\CInlineAction.php(50): CCodeGenerator->actionIndex()
#3 D:\www\campus\framework\web\CController.php(309): CInlineAction->runWithParams(Array)
#4 D:\www\campus\framework\web\CController.php(287): CController->runAction(Object(CInlineAction))
#5 D:\www\campus\framework\web\CController.php(266): CController->runActionWithFilters(Object(CInlineAction), Array)
#6 D:\www\campus\framework\web\CWebApplication.php(276): CController->run('')
#7 D:\www\campus\framework\web\CWebApplication.php(135): CWebApplication->runController('gii/bootstrap')
#8 D:\www\campus\framework\base\CApplication.php(162): CWebApplication->processRequest()
#9 D:\www\campus\applications\webservice\index.php(8): CApplication->run()
#10 {main}
REQUEST_URI=/index.php/gii/bootstrap
HTTP_REFERER=http://campus.dev/index.php/gii/crud
---
2014/01/14 23:39:18 [error] [exception.CException] exception 'CException' with message 'Alias "bootstrap.gii.bootstrap.BootstrapCode" is invalid. Make sure it points to an existing directory or file.' in D:\www\campus\framework\YiiBase.php:343
Stack trace:
#0 D:\www\campus\framework\gii\CCodeGenerator.php(151): YiiBase::import('bootstrap.gii.b...', true)
#1 D:\www\campus\framework\gii\CCodeGenerator.php(64): CCodeGenerator->prepare()
#2 D:\www\campus\framework\web\actions\CInlineAction.php(50): CCodeGenerator->actionIndex()
#3 D:\www\campus\framework\web\CController.php(309): CInlineAction->runWithParams(Array)
#4 D:\www\campus\framework\web\CController.php(287): CController->runAction(Object(CInlineAction))
#5 D:\www\campus\framework\web\CController.php(266): CController->runActionWithFilters(Object(CInlineAction), Array)
#6 D:\www\campus\framework\web\CWebApplication.php(276): CController->run('')
#7 D:\www\campus\framework\web\CWebApplication.php(135): CWebApplication->runController('gii/bootstrap')
#8 D:\www\campus\framework\base\CApplication.php(162): CWebApplication->processRequest()
#9 D:\www\campus\applications\webservice\index.php(8): CApplication->run()
#10 {main}
REQUEST_URI=/index.php/gii/bootstrap
HTTP_REFERER=http://campus.dev/index.php/gii/crud
---
2014/01/14 23:40:15 [error] [exception.CException] exception 'CException' with message 'Alias "bootstrap.gii.bootstrap.BootstrapCode" is invalid. Make sure it points to an existing directory or file.' in D:\www\campus\framework\YiiBase.php:343
Stack trace:
#0 D:\www\campus\framework\gii\CCodeGenerator.php(151): YiiBase::import('bootstrap.gii.b...', true)
#1 D:\www\campus\framework\gii\CCodeGenerator.php(64): CCodeGenerator->prepare()
#2 D:\www\campus\framework\web\actions\CInlineAction.php(50): CCodeGenerator->actionIndex()
#3 D:\www\campus\framework\web\CController.php(309): CInlineAction->runWithParams(Array)
#4 D:\www\campus\framework\web\CController.php(287): CController->runAction(Object(CInlineAction))
#5 D:\www\campus\framework\web\CController.php(266): CController->runActionWithFilters(Object(CInlineAction), Array)
#6 D:\www\campus\framework\web\CWebApplication.php(276): CController->run('')
#7 D:\www\campus\framework\web\CWebApplication.php(135): CWebApplication->runController('gii/bootstrap')
#8 D:\www\campus\framework\base\CApplication.php(162): CWebApplication->processRequest()
#9 D:\www\campus\applications\webservice\index.php(8): CApplication->run()
#10 {main}
REQUEST_URI=/index.php/gii/bootstrap
HTTP_REFERER=http://campus.dev/index.php/gii/module
---
2014/01/14 23:48:34 [error] [exception.CException] exception 'CException' with message 'Alias "bootstrap.gii.bootstrap.BootstrapCode" is invalid. Make sure it points to an existing directory or file.' in D:\www\campus\framework\YiiBase.php:343
Stack trace:
#0 D:\www\campus\framework\gii\CCodeGenerator.php(151): YiiBase::import('bootstrap.gii.b...', true)
#1 D:\www\campus\framework\gii\CCodeGenerator.php(64): CCodeGenerator->prepare()
#2 D:\www\campus\framework\web\actions\CInlineAction.php(50): CCodeGenerator->actionIndex()
#3 D:\www\campus\framework\web\CController.php(309): CInlineAction->runWithParams(Array)
#4 D:\www\campus\framework\web\CController.php(287): CController->runAction(Object(CInlineAction))
#5 D:\www\campus\framework\web\CController.php(266): CController->runActionWithFilters(Object(CInlineAction), Array)
#6 D:\www\campus\framework\web\CWebApplication.php(276): CController->run('')
#7 D:\www\campus\framework\web\CWebApplication.php(135): CWebApplication->runController('gii/bootstrap')
#8 D:\www\campus\framework\base\CApplication.php(162): CWebApplication->processRequest()
#9 D:\www\campus\applications\webservice\index.php(8): CApplication->run()
#10 {main}
REQUEST_URI=/index.php/gii/bootstrap
HTTP_REFERER=http://campus.dev/index.php/gii/module
---
2014/01/15 00:12:20 [error] [exception.CHttpException.404] exception 'CHttpException' with message 'Unable to resolve the request "post.html".' in D:\www\campus\framework\web\CWebApplication.php:280
Stack trace:
#0 D:\www\campus\framework\web\CWebApplication.php(135): CWebApplication->runController('post.html')
#1 D:\www\campus\framework\base\CApplication.php(162): CWebApplication->processRequest()
#2 D:\www\campus\applications\webservice\index.php(8): CApplication->run()
#3 {main}
REQUEST_URI=/post.html
HTTP_REFERER=http://campus.dev/
---
2014/01/15 09:09:36 [error] [exception.CHttpException.404] exception 'CHttpException' with message 'The system is unable to find the requested action "product.html".' in D:\www\campus\framework\web\CController.php:484
Stack trace:
#0 D:\www\campus\framework\web\CController.php(271): CController->missingAction('product.html')
#1 D:\www\campus\framework\web\CWebApplication.php(276): CController->run('product.html')
#2 D:\www\campus\framework\web\CWebApplication.php(135): CWebApplication->runController('site/product.ht...')
#3 D:\www\campus\framework\base\CApplication.php(162): CWebApplication->processRequest()
#4 D:\www\campus\applications\webservice\index.php(8): CApplication->run()
#5 {main}
REQUEST_URI=/site/product.html
HTTP_REFERER=http://campus.dev/site/admin
---
<<<<<<< HEAD
2014/01/15 13:28:33 [error] [php] include(FrontController.php): failed to open stream: No such file or directory (D:\www\campus\framework\YiiBase.php:418)
Stack trace:
#0 D:\www\campus\applications\webservice\protected\controllers\SiteController.php(2): spl_autoload_call()
#1 D:\www\campus\framework\web\CWebApplication.php(344): require()
#2 D:\www\campus\framework\web\CWebApplication.php(270): CWebApplication->createController()
#3 D:\www\campus\framework\web\CWebApplication.php(135): CWebApplication->runController()
#4 D:\www\campus\framework\base\CApplication.php(162): CWebApplication->processRequest()
#5 D:\www\campus\applications\webservice\index.php(8): CWebApplication->run()
REQUEST_URI=/
2014/01/15 13:28:34 [error] [exception.CHttpException.404] exception 'CHttpException' with message 'Unable to resolve the request "favicon.ico".' in D:\www\campus\framework\web\CWebApplication.php:280
=======
2014/01/15 22:52:19 [error] [exception.CHttpException.404] exception 'CHttpException' with message 'Unable to resolve the request "favicon.ico".' in D:\www\campus\framework\web\CWebApplication.php:280
>>>>>>> 390342df27c243a3243e028ebdcb08feac210d13
Stack trace:
#0 D:\www\campus\framework\web\CWebApplication.php(135): CWebApplication->runController('favicon.ico')
#1 D:\www\campus\framework\base\CApplication.php(162): CWebApplication->processRequest()
#2 D:\www\campus\applications\webservice\index.php(8): CApplication->run()
#3 {main}
REQUEST_URI=/favicon.ico
---
<<<<<<< HEAD
2014/01/15 13:28:35 [error] [php] include(FrontController.php): failed to open stream: No such file or directory (D:\www\campus\framework\YiiBase.php:418)
Stack trace:
#0 D:\www\campus\applications\webservice\protected\controllers\SiteController.php(2): spl_autoload_call()
#1 D:\www\campus\framework\web\CWebApplication.php(344): require()
#2 D:\www\campus\framework\web\CWebApplication.php(270): CWebApplication->createController()
#3 D:\www\campus\framework\web\CWebApplication.php(135): CWebApplication->runController()
#4 D:\www\campus\framework\base\CApplication.php(162): CWebApplication->processRequest()
#5 D:\www\campus\applications\webservice\index.php(8): CWebApplication->run()
REQUEST_URI=/
=======
2014/01/15 23:06:15 [error] [exception.CException] exception 'CException' with message 'Property "CUrlManager.showIndexFile" is not defined.' in D:\www\campus\framework\base\CComponent.php:174
Stack trace:
#0 D:\www\campus\framework\YiiBase.php(222): CComponent->__set('showIndexFile', false)
#1 D:\www\campus\framework\base\CModule.php(387): YiiBase::createComponent(Array)
#2 D:\www\campus\framework\base\CApplication.php(503): CModule->getComponent('urlManager')
#3 D:\www\campus\framework\web\CWebApplication.php(134): CApplication->getUrlManager()
#4 D:\www\campus\framework\base\CApplication.php(162): CWebApplication->processRequest()
#5 D:\www\campus\applications\webservice\index.php(8): CApplication->run()
#6 {main}
REQUEST_URI=/site/admin
---
2014/01/15 23:06:17 [error] [exception.CException] exception 'CException' with message 'Property "CUrlManager.showIndexFile" is not defined.' in D:\www\campus\framework\base\CComponent.php:174
Stack trace:
#0 D:\www\campus\framework\YiiBase.php(222): CComponent->__set('showIndexFile', false)
#1 D:\www\campus\framework\base\CModule.php(387): YiiBase::createComponent(Array)
#2 D:\www\campus\framework\base\CApplication.php(503): CModule->getComponent('urlManager')
#3 D:\www\campus\framework\web\CWebApplication.php(134): CApplication->getUrlManager()
#4 D:\www\campus\framework\base\CApplication.php(162): CWebApplication->processRequest()
#5 D:\www\campus\applications\webservice\index.php(8): CApplication->run()
#6 {main}
REQUEST_URI=/site/admin
---
2014/01/15 23:09:10 [error] [php] Non-static method FiltersHelper::getTables() should not be called statically, assuming $this from incompatible context (D:\www\campus\applications\webservice\protected\controllers\SiteController.php:51)
Stack trace:
#0 D:\www\campus\framework\web\CController.php(287): SiteController->runAction()
#1 D:\www\campus\framework\web\CController.php(266): SiteController->runActionWithFilters()
#2 D:\www\campus\framework\web\CWebApplication.php(276): SiteController->run()
#3 D:\www\campus\framework\web\CWebApplication.php(135): CWebApplication->runController()
#4 D:\www\campus\framework\base\CApplication.php(162): CWebApplication->processRequest()
#5 D:\www\campus\applications\webservice\index.php(8): CWebApplication->run()
REQUEST_URI=/site/test
2014/01/15 23:09:11 [error] [php] Non-static method FiltersHelper::getTables() should not be called statically, assuming $this from incompatible context (D:\www\campus\applications\webservice\protected\controllers\SiteController.php:51)
Stack trace:
#0 D:\www\campus\framework\web\CController.php(287): SiteController->runAction()
#1 D:\www\campus\framework\web\CController.php(266): SiteController->runActionWithFilters()
#2 D:\www\campus\framework\web\CWebApplication.php(276): SiteController->run()
#3 D:\www\campus\framework\web\CWebApplication.php(135): CWebApplication->runController()
#4 D:\www\campus\framework\base\CApplication.php(162): CWebApplication->processRequest()
#5 D:\www\campus\applications\webservice\index.php(8): CWebApplication->run()
REQUEST_URI=/site/test
2014/01/15 23:10:43 [error] [system.db.CDbCommand] CDbCommand::fetchAll() failed: SQLSTATE[42S02]: Base table or view not found: 1146 Table 'campus.$tablename' doesn't exist. The SQL statement executed was: SELECT *
FROM `$tableName`.
2014/01/15 23:10:43 [error] [exception.CDbException] exception 'CDbException' with message 'CDbCommand failed to execute the SQL statement: SQLSTATE[42S02]: Base table or view not found: 1146 Table 'campus.$tablename' doesn't exist. The SQL statement executed was: SELECT *
FROM `$tableName`' in D:\www\campus\framework\db\CDbCommand.php:528
Stack trace:
#0 D:\www\campus\framework\db\CDbCommand.php(390): CDbCommand->queryInternal('fetchAll', Array, Array)
#1 D:\www\campus\applications\webservice\protected\models\FiltersHelper.php(19): CDbCommand->queryAll()
#2 D:\www\campus\applications\webservice\protected\models\FiltersHelper.php(26): FiltersHelper::getTableContent('subject')
#3 D:\www\campus\applications\webservice\protected\controllers\SiteController.php(51): FiltersHelper::getTables()
#4 D:\www\campus\framework\web\actions\CInlineAction.php(50): SiteController->actionTest()
#5 D:\www\campus\framework\web\CController.php(309): CInlineAction->runWithParams(Array)
#6 D:\www\campus\framework\web\CController.php(287): CController->runAction(Object(CInlineAction))
#7 D:\www\campus\framework\web\CController.php(266): CController->runActionWithFilters(Object(CInlineAction), Array)
#8 D:\www\campus\framework\web\CWebApplication.php(276): CController->run('test')
#9 D:\www\campus\framework\web\CWebApplication.php(135): CWebApplication->runController('site/test')
#10 D:\www\campus\framework\base\CApplication.php(162): CWebApplication->processRequest()
#11 D:\www\campus\applications\webservice\index.php(8): CApplication->run()
#12 {main}
REQUEST_URI=/site/test
---
2014/01/15 23:10:59 [error] [system.db.CDbCommand] CDbCommand::fetchAll() failed: SQLSTATE[42S02]: Base table or view not found: 1146 Table 'campus.{subject}' doesn't exist. The SQL statement executed was: SELECT *
FROM `{subject}`.
2014/01/15 23:10:59 [error] [exception.CDbException] exception 'CDbException' with message 'CDbCommand failed to execute the SQL statement: SQLSTATE[42S02]: Base table or view not found: 1146 Table 'campus.{subject}' doesn't exist. The SQL statement executed was: SELECT *
FROM `{subject}`' in D:\www\campus\framework\db\CDbCommand.php:528
Stack trace:
#0 D:\www\campus\framework\db\CDbCommand.php(390): CDbCommand->queryInternal('fetchAll', Array, Array)
#1 D:\www\campus\applications\webservice\protected\models\FiltersHelper.php(19): CDbCommand->queryAll()
#2 D:\www\campus\applications\webservice\protected\models\FiltersHelper.php(26): FiltersHelper::getTableContent('subject')
#3 D:\www\campus\applications\webservice\protected\controllers\SiteController.php(51): FiltersHelper::getTables()
#4 D:\www\campus\framework\web\actions\CInlineAction.php(50): SiteController->actionTest()
#5 D:\www\campus\framework\web\CController.php(309): CInlineAction->runWithParams(Array)
#6 D:\www\campus\framework\web\CController.php(287): CController->runAction(Object(CInlineAction))
#7 D:\www\campus\framework\web\CController.php(266): CController->runActionWithFilters(Object(CInlineAction), Array)
#8 D:\www\campus\framework\web\CWebApplication.php(276): CController->run('test')
#9 D:\www\campus\framework\web\CWebApplication.php(135): CWebApplication->runController('site/test')
#10 D:\www\campus\framework\base\CApplication.php(162): CWebApplication->processRequest()
#11 D:\www\campus\applications\webservice\index.php(8): CApplication->run()
#12 {main}
REQUEST_URI=/site/test
---
2014/01/15 23:57:21 [error] [exception.CException] exception 'CException' with message 'CWebApplication and its behaviors do not have a method or closure named "createCommand".' in D:\www\campus\framework\base\CComponent.php:266
Stack trace:
#0 D:\www\campus\applications\webservice\protected\models\FiltersHelper.php(20): CComponent->__call('createCommand', Array)
#1 D:\www\campus\applications\webservice\protected\models\FiltersHelper.php(20): CWebApplication->createCommand()
#2 D:\www\campus\applications\webservice\protected\models\FiltersHelper.php(32): FiltersHelper::getTableContent('subject')
#3 D:\www\campus\applications\webservice\protected\controllers\SiteController.php(51): FiltersHelper::getTables()
#4 D:\www\campus\framework\web\actions\CInlineAction.php(50): SiteController->actionTest()
#5 D:\www\campus\framework\web\CController.php(309): CInlineAction->runWithParams(Array)
#6 D:\www\campus\framework\web\CController.php(287): CController->runAction(Object(CInlineAction))
#7 D:\www\campus\framework\web\CController.php(266): CController->runActionWithFilters(Object(CInlineAction), Array)
#8 D:\www\campus\framework\web\CWebApplication.php(276): CController->run('test')
#9 D:\www\campus\framework\web\CWebApplication.php(135): CWebApplication->runController('site/test')
#10 D:\www\campus\framework\base\CApplication.php(162): CWebApplication->processRequest()
#11 D:\www\campus\applications\webservice\index.php(8): CApplication->run()
#12 {main}
REQUEST_URI=/site/test
---
2014/01/16 00:01:35 [error] [exception.CHttpException.404] exception 'CHttpException' with message 'The system is unable to find the requested action "post.html".' in D:\www\campus\framework\web\CController.php:484
Stack trace:
#0 D:\www\campus\framework\web\CController.php(271): CController->missingAction('post.html')
#1 D:\www\campus\framework\web\CWebApplication.php(276): CController->run('post.html')
#2 D:\www\campus\framework\web\CWebApplication.php(135): CWebApplication->runController('site/post.html')
#3 D:\www\campus\framework\base\CApplication.php(162): CWebApplication->processRequest()
#4 D:\www\campus\applications\webservice\index.php(8): CApplication->run()
#5 {main}
REQUEST_URI=/site/post.html
HTTP_REFERER=http://campus.dev/site/
---
>>>>>>> 390342df27c243a3243e028ebdcb08feac210d13
2014/01/16 11:09:50 [error] [exception.CHttpException.404] exception 'CHttpException' with message 'Unable to resolve the request "favicon.ico".' in D:\www\campus\framework\web\CWebApplication.php:280
Stack trace:
#0 D:\www\campus\framework\web\CWebApplication.php(135): CWebApplication->runController('favicon.ico')
#1 D:\www\campus\framework\base\CApplication.php(162): CWebApplication->processRequest()
#2 D:\www\campus\applications\webservice\index.php(8): CApplication->run()
#3 {main}
REQUEST_URI=/favicon.ico
---
2014/01/16 11:09:55 [error] [exception.CHttpException.404] exception 'CHttpException' with message 'Unable to resolve the request "post.html".' in D:\www\campus\framework\web\CWebApplication.php:280
Stack trace:
#0 D:\www\campus\framework\web\CWebApplication.php(135): CWebApplication->runController('post.html')
#1 D:\www\campus\framework\base\CApplication.php(162): CWebApplication->processRequest()
#2 D:\www\campus\applications\webservice\index.php(8): CApplication->run()
#3 {main}
REQUEST_URI=/post.html
HTTP_REFERER=http://campus.dev/
---
2014/01/16 11:17:02 [error] [exception.CException] exception 'CException' with message 'Property "CListView.class" is not defined.' in D:\www\campus\framework\base\CComponent.php:174
Stack trace:
#0 D:\www\campus\framework\web\CWidgetFactory.php(162): CComponent->__set('class', 'span 7')
#1 D:\www\campus\framework\web\CBaseController.php(147): CWidgetFactory->createWidget(Object(SiteController), 'zii.widgets.CLi...', Array)
#2 D:\www\campus\framework\web\CBaseController.php(173): CBaseController->createWidget('zii.widgets.CLi...', Array)
#3 D:\www\campus\applications\webservice\themes\basic\views\site\index.php(18): CBaseController->widget('zii.widgets.CLi...', Array)
#4 D:\www\campus\framework\web\CBaseController.php(127): require('D:\www\campus\a...')
#5 D:\www\campus\framework\web\CBaseController.php(96): CBaseController->renderInternal('D:\www\campus\a...', Array, true)
#6 D:\www\campus\framework\web\CController.php(870): CBaseController->renderFile('D:\www\campus\a...', Array, true)
#7 D:\www\campus\framework\web\CController.php(783): CController->renderPartial('index', Array, true)
#8 D:\www\campus\applications\webservice\protected\controllers\SiteController.php(129): CController->render('index', Array)
#9 D:\www\campus\framework\web\actions\CInlineAction.php(50): SiteController->actionIndex()
#10 D:\www\campus\framework\web\CController.php(309): CInlineAction->runWithParams(Array)
#11 D:\www\campus\framework\web\CController.php(287): CController->runAction(Object(CInlineAction))
#12 D:\www\campus\framework\web\CController.php(266): CController->runActionWithFilters(Object(CInlineAction), Array)
#13 D:\www\campus\framework\web\CWebApplication.php(276): CController->run('')
#14 D:\www\campus\framework\web\CWebApplication.php(135): CWebApplication->runController('')
#15 D:\www\campus\framework\base\CApplication.php(162): CWebApplication->processRequest()
#16 D:\www\campus\applications\webservice\index.php(8): CApplication->run()
#17 {main}
REQUEST_URI=/
---
2014/01/16 11:36:30 [error] [php] Undefined variable: form (D:\www\campus\applications\webservice\themes\basic\views\site\_filters.php:2)
Stack trace:
#0 D:\www\campus\framework\web\CController.php(870): SiteController->renderFile()
#1 D:\www\campus\applications\webservice\themes\basic\views\site\index.php(12): SiteController->renderPartial()
#2 D:\www\campus\framework\web\CBaseController.php(127): require()
#3 D:\www\campus\framework\web\CBaseController.php(96): SiteController->renderInternal()
#4 D:\www\campus\framework\web\CController.php(870): SiteController->renderFile()
#5 D:\www\campus\framework\web\CController.php(783): SiteController->renderPartial()
#6 D:\www\campus\applications\webservice\protected\controllers\SiteController.php(129): SiteController->render()
#7 D:\www\campus\framework\web\actions\CInlineAction.php(50): SiteController->actionIndex()
#8 D:\www\campus\framework\web\CController.php(309): CInlineAction->runWithParams()
#9 D:\www\campus\framework\web\CController.php(287): SiteController->runAction()
#10 D:\www\campus\framework\web\CController.php(266): SiteController->runActionWithFilters()
#11 D:\www\campus\framework\web\CWebApplication.php(276): SiteController->run()
#12 D:\www\campus\framework\web\CWebApplication.php(135): CWebApplication->runController()
#13 D:\www\campus\framework\base\CApplication.php(162): CWebApplication->processRequest()
#14 D:\www\campus\applications\webservice\index.php(8): CWebApplication->run()
REQUEST_URI=/site/index/Material_sort/created.desc
2014/01/16 11:37:16 [error] [php] Undefined variable: model (D:\www\campus\applications\webservice\themes\basic\views\site\_filters.php:2)
Stack trace:
#0 D:\www\campus\framework\web\CController.php(870): SiteController->renderFile()
#1 D:\www\campus\applications\webservice\themes\basic\views\site\index.php(12): SiteController->renderPartial()
#2 D:\www\campus\framework\web\CBaseController.php(127): require()
#3 D:\www\campus\framework\web\CBaseController.php(96): SiteController->renderInternal()
#4 D:\www\campus\framework\web\CController.php(870): SiteController->renderFile()
#5 D:\www\campus\framework\web\CController.php(783): SiteController->renderPartial()
#6 D:\www\campus\applications\webservice\protected\controllers\SiteController.php(129): SiteController->render()
#7 D:\www\campus\framework\web\actions\CInlineAction.php(50): SiteController->actionIndex()
#8 D:\www\campus\framework\web\CController.php(309): CInlineAction->runWithParams()
#9 D:\www\campus\framework\web\CController.php(287): SiteController->runAction()
#10 D:\www\campus\framework\web\CController.php(266): SiteController->runActionWithFilters()
#11 D:\www\campus\framework\web\CWebApplication.php(276): SiteController->run()
#12 D:\www\campus\framework\web\CWebApplication.php(135): CWebApplication->runController()
#13 D:\www\campus\framework\base\CApplication.php(162): CWebApplication->processRequest()
#14 D:\www\campus\applications\webservice\index.php(8): CWebApplication->run()
REQUEST_URI=/site/index/Material_sort/created.desc
2014/01/16 11:37:31 [error] [php] Trying to get property of non-object (D:\www\campus\framework\web\helpers\CHtml.php:2044)
Stack trace:
#0 D:\www\campus\framework\web\CBaseController.php(127): require()
#1 D:\www\campus\framework\web\CBaseController.php(96): SiteController->renderInternal()
#2 D:\www\campus\framework\web\CController.php(870): SiteController->renderFile()
#3 D:\www\campus\applications\webservice\themes\basic\views\site\index.php(12): SiteController->renderPartial()
#4 D:\www\campus\framework\web\CBaseController.php(127): require()
#5 D:\www\campus\framework\web\CBaseController.php(96): SiteController->renderInternal()
#6 D:\www\campus\framework\web\CController.php(870): SiteController->renderFile()
#7 D:\www\campus\framework\web\CController.php(783): SiteController->renderPartial()
#8 D:\www\campus\applications\webservice\protected\controllers\SiteController.php(129): SiteController->render()
#9 D:\www\campus\framework\web\actions\CInlineAction.php(50): SiteController->actionIndex()
#10 D:\www\campus\framework\web\CController.php(309): CInlineAction->runWithParams()
#11 D:\www\campus\framework\web\CController.php(287): SiteController->runAction()
#12 D:\www\campus\framework\web\CController.php(266): SiteController->runActionWithFilters()
#13 D:\www\campus\framework\web\CWebApplication.php(276): SiteController->run()
#14 D:\www\campus\framework\web\CWebApplication.php(135): CWebApplication->runController()
#15 D:\www\campus\framework\base\CApplication.php(162): CWebApplication->processRequest()
#16 D:\www\campus\applications\webservice\index.php(8): CWebApplication->run()
REQUEST_URI=/site/index/Material_sort/created.desc
2014/01/16 11:37:46 [error] [php] Trying to get property of non-object (D:\www\campus\framework\web\helpers\CHtml.php:2044)
Stack trace:
#0 D:\www\campus\framework\web\CBaseController.php(127): require()
#1 D:\www\campus\framework\web\CBaseController.php(96): SiteController->renderInternal()
#2 D:\www\campus\framework\web\CController.php(870): SiteController->renderFile()
#3 D:\www\campus\applications\webservice\themes\basic\views\site\index.php(12): SiteController->renderPartial()
#4 D:\www\campus\framework\web\CBaseController.php(127): require()
#5 D:\www\campus\framework\web\CBaseController.php(96): SiteController->renderInternal()
#6 D:\www\campus\framework\web\CController.php(870): SiteController->renderFile()
#7 D:\www\campus\framework\web\CController.php(783): SiteController->renderPartial()
#8 D:\www\campus\applications\webservice\protected\controllers\SiteController.php(129): SiteController->render()
#9 D:\www\campus\framework\web\actions\CInlineAction.php(50): SiteController->actionIndex()
#10 D:\www\campus\framework\web\CController.php(309): CInlineAction->runWithParams()
#11 D:\www\campus\framework\web\CController.php(287): SiteController->runAction()
#12 D:\www\campus\framework\web\CController.php(266): SiteController->runActionWithFilters()
#13 D:\www\campus\framework\web\CWebApplication.php(276): SiteController->run()
#14 D:\www\campus\framework\web\CWebApplication.php(135): CWebApplication->runController()
#15 D:\www\campus\framework\base\CApplication.php(162): CWebApplication->processRequest()
#16 D:\www\campus\applications\webservice\index.php(8): CWebApplication->run()
REQUEST_URI=/site/index/Material_sort/created.desc
2014/01/16 11:37:59 [error] [php] Trying to get property of non-object (D:\www\campus\framework\web\helpers\CHtml.php:2044)
Stack trace:
#0 D:\www\campus\framework\web\CBaseController.php(127): require()
#1 D:\www\campus\framework\web\CBaseController.php(96): SiteController->renderInternal()
#2 D:\www\campus\framework\web\CController.php(870): SiteController->renderFile()
#3 D:\www\campus\applications\webservice\themes\basic\views\site\index.php(12): SiteController->renderPartial()
#4 D:\www\campus\framework\web\CBaseController.php(127): require()
#5 D:\www\campus\framework\web\CBaseController.php(96): SiteController->renderInternal()
#6 D:\www\campus\framework\web\CController.php(870): SiteController->renderFile()
#7 D:\www\campus\framework\web\CController.php(783): SiteController->renderPartial()
#8 D:\www\campus\applications\webservice\protected\controllers\SiteController.php(129): SiteController->render()
#9 D:\www\campus\framework\web\actions\CInlineAction.php(50): SiteController->actionIndex()
#10 D:\www\campus\framework\web\CController.php(309): CInlineAction->runWithParams()
#11 D:\www\campus\framework\web\CController.php(287): SiteController->runAction()
#12 D:\www\campus\framework\web\CController.php(266): SiteController->runActionWithFilters()
#13 D:\www\campus\framework\web\CWebApplication.php(276): SiteController->run()
#14 D:\www\campus\framework\web\CWebApplication.php(135): CWebApplication->runController()
#15 D:\www\campus\framework\base\CApplication.php(162): CWebApplication->processRequest()
#16 D:\www\campus\applications\webservice\index.php(8): CWebApplication->run()
REQUEST_URI=/site/index/Material_sort/created.desc
2014/01/16 11:38:04 [error] [php] Trying to get property of non-object (D:\www\campus\framework\web\helpers\CHtml.php:2044)
Stack trace:
#0 D:\www\campus\framework\web\CBaseController.php(127): require()
#1 D:\www\campus\framework\web\CBaseController.php(96): SiteController->renderInternal()
#2 D:\www\campus\framework\web\CController.php(870): SiteController->renderFile()
#3 D:\www\campus\applications\webservice\themes\basic\views\site\index.php(12): SiteController->renderPartial()
#4 D:\www\campus\framework\web\CBaseController.php(127): require()
#5 D:\www\campus\framework\web\CBaseController.php(96): SiteController->renderInternal()
#6 D:\www\campus\framework\web\CController.php(870): SiteController->renderFile()
#7 D:\www\campus\framework\web\CController.php(783): SiteController->renderPartial()
#8 D:\www\campus\applications\webservice\protected\controllers\SiteController.php(129): SiteController->render()
#9 D:\www\campus\framework\web\actions\CInlineAction.php(50): SiteController->actionIndex()
#10 D:\www\campus\framework\web\CController.php(309): CInlineAction->runWithParams()
#11 D:\www\campus\framework\web\CController.php(287): SiteController->runAction()
#12 D:\www\campus\framework\web\CController.php(266): SiteController->runActionWithFilters()
#13 D:\www\campus\framework\web\CWebApplication.php(276): SiteController->run()
#14 D:\www\campus\framework\web\CWebApplication.php(135): CWebApplication->runController()
#15 D:\www\campus\framework\base\CApplication.php(162): CWebApplication->processRequest()
#16 D:\www\campus\applications\webservice\index.php(8): CWebApplication->run()
REQUEST_URI=/site/index/
2014/01/16 11:38:22 [error] [php] Undefined variable: model (D:\www\campus\applications\webservice\themes\basic\views\site\index.php:12)
Stack trace:
#0 D:\www\campus\framework\web\CController.php(870): SiteController->renderFile()
#1 D:\www\campus\framework\web\CController.php(783): SiteController->renderPartial()
#2 D:\www\campus\applications\webservice\protected\controllers\SiteController.php(129): SiteController->render()
#3 D:\www\campus\framework\web\actions\CInlineAction.php(50): SiteController->actionIndex()
#4 D:\www\campus\framework\web\CController.php(309): CInlineAction->runWithParams()
#5 D:\www\campus\framework\web\CController.php(287): SiteController->runAction()
#6 D:\www\campus\framework\web\CController.php(266): SiteController->runActionWithFilters()
#7 D:\www\campus\framework\web\CWebApplication.php(276): SiteController->run()
#8 D:\www\campus\framework\web\CWebApplication.php(135): CWebApplication->runController()
#9 D:\www\campus\framework\base\CApplication.php(162): CWebApplication->processRequest()
#10 D:\www\campus\applications\webservice\index.php(8): CWebApplication->run()
REQUEST_URI=/site/index/
2014/01/16 11:39:08 [error] [php] Undefined variable: dataProvider (D:\www\campus\applications\webservice\protected\controllers\SiteController.php:132)
Stack trace:
#0 D:\www\campus\framework\web\CController.php(287): SiteController->runAction()
#1 D:\www\campus\framework\web\CController.php(266): SiteController->runActionWithFilters()
#2 D:\www\campus\framework\web\CWebApplication.php(276): SiteController->run()
#3 D:\www\campus\framework\web\CWebApplication.php(135): CWebApplication->runController()
#4 D:\www\campus\framework\base\CApplication.php(162): CWebApplication->processRequest()
#5 D:\www\campus\applications\webservice\index.php(8): CWebApplication->run()
REQUEST_URI=/site/index/
2014/01/16 11:39:17 [error] [exception.CException] exception 'CException' with message 'Property "Material.dropdown" is not defined.' in D:\www\campus\framework\base\CComponent.php:131
Stack trace:
#0 D:\www\campus\framework\db\ar\CActiveRecord.php(144): CComponent->__get('dropdown')
#1 D:\www\campus\framework\web\helpers\CHtml.php(2044): CActiveRecord->__get('dropdown')
#2 D:\www\campus\framework\web\helpers\CHtml.php(1402): CHtml::resolveValue(Object(Material), 'dropdown')
#3 D:\www\campus\applications\webservice\themes\basic\views\site\_filters.php(2): CHtml::activeDropDownList(Object(Material), 'dropdown', Array)
#4 D:\www\campus\framework\web\CBaseController.php(127): require('D:\www\campus\a...')
#5 D:\www\campus\framework\web\CBaseController.php(96): CBaseController->renderInternal('D:\www\campus\a...', Array, true)
#6 D:\www\campus\framework\web\CController.php(870): CBaseController->renderFile('D:\www\campus\a...', Array, true)
#7 D:\www\campus\applications\webservice\themes\basic\views\site\index.php(12): CController->renderPartial('_filters', Array)
#8 D:\www\campus\framework\web\CBaseController.php(127): require('D:\www\campus\a...')
#9 D:\www\campus\framework\web\CBaseController.php(96): CBaseController->renderInternal('D:\www\campus\a...', Array, true)
#10 D:\www\campus\framework\web\CController.php(870): CBaseController->renderFile('D:\www\campus\a...', Array, true)
#11 D:\www\campus\framework\web\CController.php(783): CController->renderPartial('index', Array, true)
#12 D:\www\campus\applications\webservice\protected\controllers\SiteController.php(133): CController->render('index', Array)
#13 D:\www\campus\framework\web\actions\CInlineAction.php(50): SiteController->actionIndex()
#14 D:\www\campus\framework\web\CController.php(309): CInlineAction->runWithParams(Array)
#15 D:\www\campus\framework\web\CController.php(287): CController->runAction(Object(CInlineAction))
#16 D:\www\campus\framework\web\CController.php(266): CController->runActionWithFilters(Object(CInlineAction), Array)
#17 D:\www\campus\framework\web\CWebApplication.php(276): CController->run('index')
#18 D:\www\campus\framework\web\CWebApplication.php(135): CWebApplication->runController('site/index')
#19 D:\www\campus\framework\base\CApplication.php(162): CWebApplication->processRequest()
#20 D:\www\campus\applications\webservice\index.php(8): CApplication->run()
#21 {main}
REQUEST_URI=/site/index/
---
2014/01/16 12:09:16 [error] [php] Undefined offset: 0 (D:\www\campus\applications\webservice\themes\basic\views\site\_filters.php:6)
Stack trace:
#0 D:\www\campus\framework\web\CController.php(870): SiteController->renderFile()
#1 D:\www\campus\applications\webservice\themes\basic\views\site\index.php(12): SiteController->renderPartial()
#2 D:\www\campus\framework\web\CBaseController.php(127): require()
#3 D:\www\campus\framework\web\CBaseController.php(96): SiteController->renderInternal()
#4 D:\www\campus\framework\web\CController.php(870): SiteController->renderFile()
#5 D:\www\campus\framework\web\CController.php(783): SiteController->renderPartial()
#6 D:\www\campus\applications\webservice\protected\controllers\SiteController.php(133): SiteController->render()
#7 D:\www\campus\framework\web\actions\CInlineAction.php(50): SiteController->actionIndex()
#8 D:\www\campus\framework\web\CController.php(309): CInlineAction->runWithParams()
#9 D:\www\campus\framework\web\CController.php(287): SiteController->runAction()
#10 D:\www\campus\framework\web\CController.php(266): SiteController->runActionWithFilters()
#11 D:\www\campus\framework\web\CWebApplication.php(276): SiteController->run()
#12 D:\www\campus\framework\web\CWebApplication.php(135): CWebApplication->runController()
#13 D:\www\campus\framework\base\CApplication.php(162): CWebApplication->processRequest()
#14 D:\www\campus\applications\webservice\index.php(8): CWebApplication->run()
REQUEST_URI=/site/index/
2014/01/16 12:09:38 [error] [php] include(Chtml.php): failed to open stream: No such file or directory (D:\www\campus\framework\YiiBase.php:418)
Stack trace:
#0 D:\www\campus\applications\webservice\themes\basic\views\site\_filters.php(3): spl_autoload_call()
#1 D:\www\campus\framework\web\CBaseController.php(127): require()
#2 D:\www\campus\framework\web\CBaseController.php(96): SiteController->renderInternal()
#3 D:\www\campus\framework\web\CController.php(870): SiteController->renderFile()
#4 D:\www\campus\applications\webservice\themes\basic\views\site\index.php(12): SiteController->renderPartial()
#5 D:\www\campus\framework\web\CBaseController.php(127): require()
#6 D:\www\campus\framework\web\CBaseController.php(96): SiteController->renderInternal()
#7 D:\www\campus\framework\web\CController.php(870): SiteController->renderFile()
#8 D:\www\campus\framework\web\CController.php(783): SiteController->renderPartial()
#9 D:\www\campus\applications\webservice\protected\controllers\SiteController.php(133): SiteController->render()
#10 D:\www\campus\framework\web\actions\CInlineAction.php(50): SiteController->actionIndex()
#11 D:\www\campus\framework\web\CController.php(309): CInlineAction->runWithParams()
#12 D:\www\campus\framework\web\CController.php(287): SiteController->runAction()
#13 D:\www\campus\framework\web\CController.php(266): SiteController->runActionWithFilters()
#14 D:\www\campus\framework\web\CWebApplication.php(276): SiteController->run()
#15 D:\www\campus\framework\web\CWebApplication.php(135): CWebApplication->runController()
#16 D:\www\campus\framework\base\CApplication.php(162): CWebApplication->processRequest()
#17 D:\www\campus\applications\webservice\index.php(8): CWebApplication->run()
REQUEST_URI=/site/index/
2014/01/16 12:12:23 [error] [php] Illegal string offset 'name' (D:\www\campus\framework\web\helpers\CHtml.php:1975)
Stack trace:
#0 D:\www\campus\framework\web\CBaseController.php(127): require()
#1 D:\www\campus\framework\web\CBaseController.php(96): SiteController->renderInternal()
#2 D:\www\campus\framework\web\CController.php(870): SiteController->renderFile()
#3 D:\www\campus\applications\webservice\themes\basic\views\site\index.php(12): SiteController->renderPartial()
#4 D:\www\campus\framework\web\CBaseController.php(127): require()
#5 D:\www\campus\framework\web\CBaseController.php(96): SiteController->renderInternal()
#6 D:\www\campus\framework\web\CController.php(870): SiteController->renderFile()
#7 D:\www\campus\framework\web\CController.php(783): SiteController->renderPartial()
#8 D:\www\campus\applications\webservice\protected\controllers\SiteController.php(133): SiteController->render()
#9 D:\www\campus\framework\web\actions\CInlineAction.php(50): SiteController->actionIndex()
#10 D:\www\campus\framework\web\CController.php(309): CInlineAction->runWithParams()
#11 D:\www\campus\framework\web\CController.php(287): SiteController->runAction()
#12 D:\www\campus\framework\web\CController.php(266): SiteController->runActionWithFilters()
#13 D:\www\campus\framework\web\CWebApplication.php(276): SiteController->run()
#14 D:\www\campus\framework\web\CWebApplication.php(135): CWebApplication->runController()
#15 D:\www\campus\framework\base\CApplication.php(162): CWebApplication->processRequest()
#16 D:\www\campus\applications\webservice\index.php(8): CWebApplication->run()
REQUEST_URI=/site/index/
2014/01/16 12:19:24 [error] [exception.CException] exception 'CException' with message 'Property "Material.subject_id" is not defined.' in D:\www\campus\framework\base\CComponent.php:131
Stack trace:
#0 D:\www\campus\framework\db\ar\CActiveRecord.php(144): CComponent->__get('subject_id')
#1 D:\www\campus\framework\web\helpers\CHtml.php(2044): CActiveRecord->__get('subject_id')
#2 D:\www\campus\framework\web\helpers\CHtml.php(1402): CHtml::resolveValue(Object(Material), 'subject_id')
#3 D:\www\campus\applications\webservice\themes\basic\views\site\_filters.php(7): CHtml::activeDropDownList(Object(Material), 'subject_id', Array, Array)
#4 D:\www\campus\framework\web\CBaseController.php(127): require('D:\www\campus\a...')
#5 D:\www\campus\framework\web\CBaseController.php(96): CBaseController->renderInternal('D:\www\campus\a...', Array, true)
#6 D:\www\campus\framework\web\CController.php(870): CBaseController->renderFile('D:\www\campus\a...', Array, true)
#7 D:\www\campus\applications\webservice\themes\basic\views\site\index.php(12): CController->renderPartial('_filters', Array)
#8 D:\www\campus\framework\web\CBaseController.php(127): require('D:\www\campus\a...')
#9 D:\www\campus\framework\web\CBaseController.php(96): CBaseController->renderInternal('D:\www\campus\a...', Array, true)
#10 D:\www\campus\framework\web\CController.php(870): CBaseController->renderFile('D:\www\campus\a...', Array, true)
#11 D:\www\campus\framework\web\CController.php(783): CController->renderPartial('index', Array, true)
#12 D:\www\campus\applications\webservice\protected\controllers\SiteController.php(133): CController->render('index', Array)
#13 D:\www\campus\framework\web\actions\CInlineAction.php(50): SiteController->actionIndex()
#14 D:\www\campus\framework\web\CController.php(309): CInlineAction->runWithParams(Array)
#15 D:\www\campus\framework\web\CController.php(287): CController->runAction(Object(CInlineAction))
#16 D:\www\campus\framework\web\CController.php(266): CController->runActionWithFilters(Object(CInlineAction), Array)
#17 D:\www\campus\framework\web\CWebApplication.php(276): CController->run('index')
#18 D:\www\campus\framework\web\CWebApplication.php(135): CWebApplication->runController('site/index')
#19 D:\www\campus\framework\base\CApplication.php(162): CWebApplication->processRequest()
#20 D:\www\campus\applications\webservice\index.php(8): CApplication->run()
#21 {main}
REQUEST_URI=/site/index/
---
2014/01/16 12:28:17 [warning] [application] Failed to set unsafe attribute "type" of "Material".
2014/01/16 12:28:17 [warning] [application] Failed to set unsafe attribute "kind" of "Material".
2014/01/16 12:28:30 [warning] [application] Failed to set unsafe attribute "type" of "Material".
2014/01/16 12:28:30 [warning] [application] Failed to set unsafe attribute "kind" of "Material".
2014/01/16 12:28:37 [warning] [application] Failed to set unsafe attribute "type" of "Material".
2014/01/16 12:28:37 [warning] [application] Failed to set unsafe attribute "kind" of "Material".
2014/01/16 12:28:40 [warning] [application] Failed to set unsafe attribute "type" of "Material".
2014/01/16 12:28:40 [warning] [application] Failed to set unsafe attribute "kind" of "Material".
2014/01/16 12:28:43 [warning] [application] Failed to set unsafe attribute "type" of "Material".
2014/01/16 12:28:43 [warning] [application] Failed to set unsafe attribute "kind" of "Material".
2014/01/16 12:29:18 [warning] [application] Failed to set unsafe attribute "type" of "Material".
2014/01/16 12:29:18 [warning] [application] Failed to set unsafe attribute "kind" of "Material".
2014/01/16 12:29:26 [warning] [application] Failed to set unsafe attribute "type" of "Material".
2014/01/16 12:29:26 [warning] [application] Failed to set unsafe attribute "kind" of "Material".
2014/01/16 12:30:12 [warning] [application] Failed to set unsafe attribute "type" of "Material".
2014/01/16 12:30:12 [warning] [application] Failed to set unsafe attribute "kind" of "Material".
2014/01/16 12:30:51 [warning] [application] Failed to set unsafe attribute "type" of "Material".
2014/01/16 12:30:51 [warning] [application] Failed to set unsafe attribute "kind" of "Material".
2014/01/16 12:39:04 [warning] [application] Failed to set unsafe attribute "type" of "Material".
2014/01/16 12:39:04 [warning] [application] Failed to set unsafe attribute "kind" of "Material".
2014/01/16 12:39:06 [warning] [application] Failed to set unsafe attribute "type" of "Material".
2014/01/16 12:39:06 [warning] [application] Failed to set unsafe attribute "kind" of "Material".
2014/01/16 12:39:43 [warning] [application]      "type"  "Material".
2014/01/16 12:39:43 [warning] [application]      "kind"  "Material".
2014/01/16 12:39:55 [warning] [application]      "type"  "Material".
2014/01/16 12:39:55 [warning] [application]      "kind"  "Material".
2014/01/16 12:40:09 [warning] [application]      "type"  "Material".
2014/01/16 12:40:09 [warning] [application]      "kind"  "Material".
2014/01/16 12:40:12 [warning] [application]      "type"  "Material".
2014/01/16 12:40:12 [warning] [application]      "kind"  "Material".
2014/01/16 12:40:16 [warning] [application]      "type"  "Material".
2014/01/16 12:40:16 [warning] [application]      "kind"  "Material".
2014/01/16 12:40:19 [warning] [application]      "type"  "Material".
2014/01/16 12:40:19 [warning] [application]      "kind"  "Material".
2014/01/16 12:40:35 [warning] [application]      "type"  "Material".
2014/01/16 12:40:35 [warning] [application]      "kind"  "Material".
2014/01/16 12:49:30 [warning] [application]      "type"  "Material".
2014/01/16 12:49:30 [warning] [application]      "kind"  "Material".
2014/01/16 12:49:49 [warning] [application]      "type"  "Material".
2014/01/16 12:49:49 [warning] [application]      "kind"  "Material".
2014/01/16 12:50:20 [warning] [application]      "type"  "Material".
2014/01/16 12:50:20 [warning] [application]      "kind"  "Material".
2014/01/16 13:04:20 [warning] [application]      "type"  "Material".
2014/01/16 13:04:20 [warning] [application]      "kind"  "Material".
2014/01/16 13:04:20 [error] [php] Use of undefined constant years - assumed 'years' (D:\www\campus\applications\webservice\protected\models\FiltersHelper.php:63)
Stack trace:
#0 D:\www\campus\framework\web\CBaseController.php(96): SiteController->renderInternal()
#1 D:\www\campus\framework\web\CController.php(870): SiteController->renderFile()
#2 D:\www\campus\applications\webservice\themes\basic\views\site\index.php(14): SiteController->renderPartial()
#3 D:\www\campus\framework\web\CBaseController.php(127): require()
#4 D:\www\campus\framework\web\CBaseController.php(96): SiteController->renderInternal()
#5 D:\www\campus\framework\web\CController.php(870): SiteController->renderFile()
#6 D:\www\campus\framework\web\CController.php(783): SiteController->renderPartial()
#7 D:\www\campus\applications\webservice\protected\controllers\SiteController.php(132): SiteController->render()
#8 D:\www\campus\framework\web\actions\CInlineAction.php(50): SiteController->actionIndex()
#9 D:\www\campus\framework\web\CController.php(309): CInlineAction->runWithParams()
#10 D:\www\campus\framework\web\CController.php(287): SiteController->runAction()
#11 D:\www\campus\framework\web\CController.php(266): SiteController->runActionWithFilters()
#12 D:\www\campus\framework\web\CWebApplication.php(276): SiteController->run()
#13 D:\www\campus\framework\web\CWebApplication.php(135): CWebApplication->runController()
#14 D:\www\campus\framework\base\CApplication.php(162): CWebApplication->processRequest()
#15 D:\www\campus\applications\webservice\index.php(8): CWebApplication->run()
REQUEST_URI=/site/index/?Material%5Bteacher_id%5D=&Material%5Bsubj_id%5D=&Material%5Btype%5D=2&Material%5Bkind%5D=&yt0=%D0%A4%D0%B8%D0%BB%D1%8C%D1%82%D1%80%D0%BE%D0%B2%D0%B0%D1%82%D1%8C&Material%5Bteacher_id%5D=2&Material%5Bsubj_id%5D=&Material%5Btype%5D=&Material%5Bkind%5D=&yt0=%D0%A4%D0%B8%D0%BB%D1%8C%D1%82%D1%80%D0%BE%D0%B2%D0%B0%D1%82%D1%8C&Material%5Bteacher_id%5D=&Material%5Bsubj_id%5D=1&Material%5Btype%5D=&Material%5Bkind%5D=&yt0=%D0%A4%D0%B8%D0%BB%D1%8C%D1%82%D1%80%D0%BE%D0%B2%D0%B0%D1%82%D1%8C&Material%5Bteacher_id%5D=&Material%5Bsubj_id%5D=2&Material%5Btype%5D=&Material%5Bkind%5D=&yt0=%D0%A4%D0%B8%D0%BB%D1%8C%D1%82%D1%80%D0%BE%D0%B2%D0%B0%D1%82%D1%8C&Material%5Bteacher_id%5D=&Material%5Bsubj_id%5D=1&Material%5Btype%5D=&Material%5Bkind%5D=&yt0=%D0%A4%D0%B8%D0%BB%D1%8C%D1%82%D1%80%D0%BE%D0%B2%D0%B0%D1%82%D1%8C&Material%5Bteacher_id%5D=3&Material%5Bsubj_id%5D=4&Material%5Btype%5D=3&Material%5Bkind%5D=1&yt0=%D0%A4%D0%B8%D0%BB%D1%8C%D1%82%D1%80%D0%BE%D0%B2%D0%B0%D1%82%D1%8C&Material%5Bterm%5D=&Material%5Bteacher_id%5D=3&Material%5Bsubj_id%5D=1&Material%5Btype%5D=1&Material%5Bkind%5D=&yt0=%D0%A4%D0%B8%D0%BB%D1%8C%D1%82%D1%80%D0%BE%D0%B2%D0%B0%D1%82%D1%8C&Material%5Bterm%5D=&Material%5Bteacher_id%5D=3&Material%5Bsubj_id%5D=1&Material%5Btype_id%5D=2&Material%5Bkind_id%5D=&yt0=%D0%A4%D0%B8%D0%BB%D1%8C%D1%82%D1%80%D0%BE%D0%B2%D0%B0%D1%82%D1%8C&Material%5Bterm%5D=&Material%5Bteacher_id%5D=3&Material%5Bsubj_id%5D=1&Material%5Btype_id%5D=2&Material%5Bkind_id%5D=1&yt0=%D0%A4%D0%B8%D0%BB%D1%8C%D1%82%D1%80%D0%BE%D0%B2%D0%B0%D1%82%D1%8C&Material%5Bterm%5D=3&Material%5Bteacher_id%5D=3&Material%5Bsubj_id%5D=1&Material%5Btype_id%5D=2&Material%5Bkind_id%5D=1&yt0=%D0%A4%D0%B8%D0%BB%D1%8C%D1%82%D1%80%D0%BE%D0%B2%D0%B0%D1%82%D1%8C&Material%5Bterm%5D=&Material%5Bsubj_id%5D=&Material%5Bteacher_id%5D=&Material%5Btype_id%5D=&Material%5Bkind_id%5D=&yt0=%D0%A4%D0%B8%D0%BB%D1%8C%D1%82%D1%80%D0%BE%D0%B2%D0%B0%D1%82%D1%8C
2014/01/16 13:04:33 [warning] [application]      "type"  "Material".
2014/01/16 13:04:33 [warning] [application]      "kind"  "Material".
2014/01/16 13:05:03 [warning] [application]      "type"  "Material".
2014/01/16 13:05:03 [warning] [application]      "kind"  "Material".
2014/01/16 13:05:19 [warning] [application]      "type"  "Material".
2014/01/16 13:05:19 [warning] [application]      "kind"  "Material".
2014/01/16 13:05:54 [warning] [application]      "type"  "Material".
2014/01/16 13:05:54 [warning] [application]      "kind"  "Material".
2014/01/16 13:59:35 [warning] [application]      "type"  "Material".
2014/01/16 13:59:35 [warning] [application]      "kind"  "Material".
2014/01/16 14:00:50 [error] [php] Undefined variable: random (D:\www\campus\applications\webservice\protected\controllers\SiteController.php:52)
Stack trace:
#0 D:\www\campus\framework\web\CController.php(287): SiteController->runAction()
#1 D:\www\campus\framework\web\CController.php(266): SiteController->runActionWithFilters()
#2 D:\www\campus\framework\web\CWebApplication.php(276): SiteController->run()
#3 D:\www\campus\framework\web\CWebApplication.php(135): CWebApplication->runController()
#4 D:\www\campus\framework\base\CApplication.php(162): CWebApplication->processRequest()
#5 D:\www\campus\applications\webservice\index.php(8): CWebApplication->run()
REQUEST_URI=/site/test
2014/01/16 14:01:23 [error] [system.db.CDbCommand]    CDbCommand::execute(): SQLSTATE[23000]: Integrity constraint violation: 1452 Cannot add or update a child row: a foreign key constraint fails (`campus`.`material`, CONSTRAINT `FK_kind` FOREIGN KEY (`kind_id`) REFERENCES `kind` (`id`)).  SQL-: INSERT INTO `campus`.`material`(`id`,`title`,`desc`,`author_id`,`teacher_id`,`subj_id`,`type_id`,`kind_id`,`term`,`year`,`created`,`updated`,`status`) VALUES ( NULL,'2',NULL,NULL,4,4,4,4,4,NULL,NULL,NULL,'0');.
2014/01/16 14:01:23 [error] [exception.CDbException] exception 'CDbException' with message 'CDbCommand    SQL-: SQLSTATE[23000]: Integrity constraint violation: 1452 Cannot add or update a child row: a foreign key constraint fails (`campus`.`material`, CONSTRAINT `FK_kind` FOREIGN KEY (`kind_id`) REFERENCES `kind` (`id`)). The SQL statement executed was: INSERT INTO `campus`.`material`(`id`,`title`,`desc`,`author_id`,`teacher_id`,`subj_id`,`type_id`,`kind_id`,`term`,`year`,`created`,`updated`,`status`) VALUES ( NULL,'2',NULL,NULL,4,4,4,4,4,NULL,NULL,NULL,'0');' in D:\www\campus\framework\db\CDbCommand.php:354
Stack trace:
#0 D:\www\campus\applications\webservice\protected\controllers\SiteController.php(54): CDbCommand->execute()
#1 D:\www\campus\framework\web\actions\CInlineAction.php(50): SiteController->actionTest()
#2 D:\www\campus\framework\web\CController.php(309): CInlineAction->runWithParams(Array)
#3 D:\www\campus\framework\web\CController.php(287): CController->runAction(Object(CInlineAction))
#4 D:\www\campus\framework\web\CController.php(266): CController->runActionWithFilters(Object(CInlineAction), Array)
#5 D:\www\campus\framework\web\CWebApplication.php(276): CController->run('test')
#6 D:\www\campus\framework\web\CWebApplication.php(135): CWebApplication->runController('site/test')
#7 D:\www\campus\framework\base\CApplication.php(162): CWebApplication->processRequest()
#8 D:\www\campus\applications\webservice\index.php(8): CApplication->run()
#9 {main}
REQUEST_URI=/site/test
---
2014/01/16 14:01:27 [error] [system.db.CDbCommand]    CDbCommand::execute(): SQLSTATE[23000]: Integrity constraint violation: 1452 Cannot add or update a child row: a foreign key constraint fails (`campus`.`material`, CONSTRAINT `FK_kind` FOREIGN KEY (`kind_id`) REFERENCES `kind` (`id`)).  SQL-: INSERT INTO `campus`.`material`(`id`,`title`,`desc`,`author_id`,`teacher_id`,`subj_id`,`type_id`,`kind_id`,`term`,`year`,`created`,`updated`,`status`) VALUES ( NULL,'2',NULL,NULL,3,3,3,3,3,NULL,NULL,NULL,'0');.
2014/01/16 14:01:27 [error] [exception.CDbException] exception 'CDbException' with message 'CDbCommand    SQL-: SQLSTATE[23000]: Integrity constraint violation: 1452 Cannot add or update a child row: a foreign key constraint fails (`campus`.`material`, CONSTRAINT `FK_kind` FOREIGN KEY (`kind_id`) REFERENCES `kind` (`id`)). The SQL statement executed was: INSERT INTO `campus`.`material`(`id`,`title`,`desc`,`author_id`,`teacher_id`,`subj_id`,`type_id`,`kind_id`,`term`,`year`,`created`,`updated`,`status`) VALUES ( NULL,'2',NULL,NULL,3,3,3,3,3,NULL,NULL,NULL,'0');' in D:\www\campus\framework\db\CDbCommand.php:354
Stack trace:
#0 D:\www\campus\applications\webservice\protected\controllers\SiteController.php(54): CDbCommand->execute()
#1 D:\www\campus\framework\web\actions\CInlineAction.php(50): SiteController->actionTest()
#2 D:\www\campus\framework\web\CController.php(309): CInlineAction->runWithParams(Array)
#3 D:\www\campus\framework\web\CController.php(287): CController->runAction(Object(CInlineAction))
#4 D:\www\campus\framework\web\CController.php(266): CController->runActionWithFilters(Object(CInlineAction), Array)
#5 D:\www\campus\framework\web\CWebApplication.php(276): CController->run('test')
#6 D:\www\campus\framework\web\CWebApplication.php(135): CWebApplication->runController('site/test')
#7 D:\www\campus\framework\base\CApplication.php(162): CWebApplication->processRequest()
#8 D:\www\campus\applications\webservice\index.php(8): CApplication->run()
#9 {main}
REQUEST_URI=/site/test
---
2014/01/16 14:01:33 [error] [system.db.CDbCommand]    CDbCommand::execute(): SQLSTATE[23000]: Integrity constraint violation: 1452 Cannot add or update a child row: a foreign key constraint fails (`campus`.`material`, CONSTRAINT `FK_kind` FOREIGN KEY (`kind_id`) REFERENCES `kind` (`id`)).  SQL-: INSERT INTO `campus`.`material`(`id`,`title`,`desc`,`author_id`,`teacher_id`,`subj_id`,`type_id`,`kind_id`,`term`,`year`,`created`,`updated`,`status`) VALUES ( NULL,'2',NULL,NULL,5,5,5,5,5,NULL,NULL,NULL,'0');.
2014/01/16 14:01:33 [error] [exception.CDbException] exception 'CDbException' with message 'CDbCommand    SQL-: SQLSTATE[23000]: Integrity constraint violation: 1452 Cannot add or update a child row: a foreign key constraint fails (`campus`.`material`, CONSTRAINT `FK_kind` FOREIGN KEY (`kind_id`) REFERENCES `kind` (`id`)). The SQL statement executed was: INSERT INTO `campus`.`material`(`id`,`title`,`desc`,`author_id`,`teacher_id`,`subj_id`,`type_id`,`kind_id`,`term`,`year`,`created`,`updated`,`status`) VALUES ( NULL,'2',NULL,NULL,5,5,5,5,5,NULL,NULL,NULL,'0');' in D:\www\campus\framework\db\CDbCommand.php:354
Stack trace:
#0 D:\www\campus\applications\webservice\protected\controllers\SiteController.php(54): CDbCommand->execute()
#1 D:\www\campus\framework\web\actions\CInlineAction.php(50): SiteController->actionTest()
#2 D:\www\campus\framework\web\CController.php(309): CInlineAction->runWithParams(Array)
#3 D:\www\campus\framework\web\CController.php(287): CController->runAction(Object(CInlineAction))
#4 D:\www\campus\framework\web\CController.php(266): CController->runActionWithFilters(Object(CInlineAction), Array)
#5 D:\www\campus\framework\web\CWebApplication.php(276): CController->run('test')
#6 D:\www\campus\framework\web\CWebApplication.php(135): CWebApplication->runController('site/test')
#7 D:\www\campus\framework\base\CApplication.php(162): CWebApplication->processRequest()
#8 D:\www\campus\applications\webservice\index.php(8): CApplication->run()
#9 {main}
REQUEST_URI=/site/test
---
2014/01/16 14:03:13 [error] [php] srand() expects at most 1 parameter, 2 given (D:\www\campus\applications\webservice\protected\controllers\SiteController.php:52)
Stack trace:
#0 D:\www\campus\framework\web\CController.php(309): CInlineAction->runWithParams()
#1 D:\www\campus\framework\web\CController.php(287): SiteController->runAction()
#2 D:\www\campus\framework\web\CController.php(266): SiteController->runActionWithFilters()
#3 D:\www\campus\framework\web\CWebApplication.php(276): SiteController->run()
#4 D:\www\campus\framework\web\CWebApplication.php(135): CWebApplication->runController()
#5 D:\www\campus\framework\base\CApplication.php(162): CWebApplication->processRequest()
#6 D:\www\campus\applications\webservice\index.php(8): CWebApplication->run()
REQUEST_URI=/site/test
2014/01/16 14:03:14 [error] [php] srand() expects at most 1 parameter, 2 given (D:\www\campus\applications\webservice\protected\controllers\SiteController.php:52)
Stack trace:
#0 D:\www\campus\framework\web\CController.php(309): CInlineAction->runWithParams()
#1 D:\www\campus\framework\web\CController.php(287): SiteController->runAction()
#2 D:\www\campus\framework\web\CController.php(266): SiteController->runActionWithFilters()
#3 D:\www\campus\framework\web\CWebApplication.php(276): SiteController->run()
#4 D:\www\campus\framework\web\CWebApplication.php(135): CWebApplication->runController()
#5 D:\www\campus\framework\base\CApplication.php(162): CWebApplication->processRequest()
#6 D:\www\campus\applications\webservice\index.php(8): CWebApplication->run()
REQUEST_URI=/site/test
2014/01/16 14:04:58 [error] [system.db.CDbCommand]    CDbCommand::execute(): SQLSTATE[23000]: Integrity constraint violation: 1452 Cannot add or update a child row: a foreign key constraint fails (`campus`.`material`, CONSTRAINT `FK_kind` FOREIGN KEY (`kind_id`) REFERENCES `kind` (`id`)).  SQL-: INSERT INTO `campus`.`material`(`id`,`title`,`desc`,`author_id`,`teacher_id`,`subj_id`,`type_id`,`kind_id`,`term`,`year`,`created`,`updated`,`status`) VALUES ( NULL,'2',NULL,NULL,4,4,4,4,4,NULL,NULL,NULL,'0');.
2014/01/16 14:04:58 [error] [exception.CDbException] exception 'CDbException' with message 'CDbCommand    SQL-: SQLSTATE[23000]: Integrity constraint violation: 1452 Cannot add or update a child row: a foreign key constraint fails (`campus`.`material`, CONSTRAINT `FK_kind` FOREIGN KEY (`kind_id`) REFERENCES `kind` (`id`)). The SQL statement executed was: INSERT INTO `campus`.`material`(`id`,`title`,`desc`,`author_id`,`teacher_id`,`subj_id`,`type_id`,`kind_id`,`term`,`year`,`created`,`updated`,`status`) VALUES ( NULL,'2',NULL,NULL,4,4,4,4,4,NULL,NULL,NULL,'0');' in D:\www\campus\framework\db\CDbCommand.php:354
Stack trace:
#0 D:\www\campus\applications\webservice\protected\controllers\SiteController.php(68): CDbCommand->execute()
#1 D:\www\campus\framework\web\actions\CInlineAction.php(50): SiteController->actionTest()
#2 D:\www\campus\framework\web\CController.php(309): CInlineAction->runWithParams(Array)
#3 D:\www\campus\framework\web\CController.php(287): CController->runAction(Object(CInlineAction))
#4 D:\www\campus\framework\web\CController.php(266): CController->runActionWithFilters(Object(CInlineAction), Array)
#5 D:\www\campus\framework\web\CWebApplication.php(276): CController->run('test')
#6 D:\www\campus\framework\web\CWebApplication.php(135): CWebApplication->runController('site/test')
#7 D:\www\campus\framework\base\CApplication.php(162): CWebApplication->processRequest()
#8 D:\www\campus\applications\webservice\index.php(8): CApplication->run()
#9 {main}
REQUEST_URI=/site/test
---
2014/01/16 14:05:00 [error] [system.db.CDbCommand]    CDbCommand::execute(): SQLSTATE[23000]: Integrity constraint violation: 1452 Cannot add or update a child row: a foreign key constraint fails (`campus`.`material`, CONSTRAINT `FK_kind` FOREIGN KEY (`kind_id`) REFERENCES `kind` (`id`)).  SQL-: INSERT INTO `campus`.`material`(`id`,`title`,`desc`,`author_id`,`teacher_id`,`subj_id`,`type_id`,`kind_id`,`term`,`year`,`created`,`updated`,`status`) VALUES ( NULL,'2',NULL,NULL,2,2,2,2,2,NULL,NULL,NULL,'0');.
2014/01/16 14:05:00 [error] [exception.CDbException] exception 'CDbException' with message 'CDbCommand    SQL-: SQLSTATE[23000]: Integrity constraint violation: 1452 Cannot add or update a child row: a foreign key constraint fails (`campus`.`material`, CONSTRAINT `FK_kind` FOREIGN KEY (`kind_id`) REFERENCES `kind` (`id`)). The SQL statement executed was: INSERT INTO `campus`.`material`(`id`,`title`,`desc`,`author_id`,`teacher_id`,`subj_id`,`type_id`,`kind_id`,`term`,`year`,`created`,`updated`,`status`) VALUES ( NULL,'2',NULL,NULL,2,2,2,2,2,NULL,NULL,NULL,'0');' in D:\www\campus\framework\db\CDbCommand.php:354
Stack trace:
#0 D:\www\campus\applications\webservice\protected\controllers\SiteController.php(68): CDbCommand->execute()
#1 D:\www\campus\framework\web\actions\CInlineAction.php(50): SiteController->actionTest()
#2 D:\www\campus\framework\web\CController.php(309): CInlineAction->runWithParams(Array)
#3 D:\www\campus\framework\web\CController.php(287): CController->runAction(Object(CInlineAction))
#4 D:\www\campus\framework\web\CController.php(266): CController->runActionWithFilters(Object(CInlineAction), Array)
#5 D:\www\campus\framework\web\CWebApplication.php(276): CController->run('test')
#6 D:\www\campus\framework\web\CWebApplication.php(135): CWebApplication->runController('site/test')
#7 D:\www\campus\framework\base\CApplication.php(162): CWebApplication->processRequest()
#8 D:\www\campus\applications\webservice\index.php(8): CApplication->run()
#9 {main}
REQUEST_URI=/site/test
---
2014/01/16 14:05:02 [error] [system.db.CDbCommand]    CDbCommand::execute(): SQLSTATE[23000]: Integrity constraint violation: 1452 Cannot add or update a child row: a foreign key constraint fails (`campus`.`material`, CONSTRAINT `FK_kind` FOREIGN KEY (`kind_id`) REFERENCES `kind` (`id`)).  SQL-: INSERT INTO `campus`.`material`(`id`,`title`,`desc`,`author_id`,`teacher_id`,`subj_id`,`type_id`,`kind_id`,`term`,`year`,`created`,`updated`,`status`) VALUES ( NULL,'2',NULL,NULL,4,4,4,4,4,NULL,NULL,NULL,'0');.
2014/01/16 14:05:02 [error] [exception.CDbException] exception 'CDbException' with message 'CDbCommand    SQL-: SQLSTATE[23000]: Integrity constraint violation: 1452 Cannot add or update a child row: a foreign key constraint fails (`campus`.`material`, CONSTRAINT `FK_kind` FOREIGN KEY (`kind_id`) REFERENCES `kind` (`id`)). The SQL statement executed was: INSERT INTO `campus`.`material`(`id`,`title`,`desc`,`author_id`,`teacher_id`,`subj_id`,`type_id`,`kind_id`,`term`,`year`,`created`,`updated`,`status`) VALUES ( NULL,'2',NULL,NULL,4,4,4,4,4,NULL,NULL,NULL,'0');' in D:\www\campus\framework\db\CDbCommand.php:354
Stack trace:
#0 D:\www\campus\applications\webservice\protected\controllers\SiteController.php(68): CDbCommand->execute()
#1 D:\www\campus\framework\web\actions\CInlineAction.php(50): SiteController->actionTest()
#2 D:\www\campus\framework\web\CController.php(309): CInlineAction->runWithParams(Array)
#3 D:\www\campus\framework\web\CController.php(287): CController->runAction(Object(CInlineAction))
#4 D:\www\campus\framework\web\CController.php(266): CController->runActionWithFilters(Object(CInlineAction), Array)
#5 D:\www\campus\framework\web\CWebApplication.php(276): CController->run('test')
#6 D:\www\campus\framework\web\CWebApplication.php(135): CWebApplication->runController('site/test')
#7 D:\www\campus\framework\base\CApplication.php(162): CWebApplication->processRequest()
#8 D:\www\campus\applications\webservice\index.php(8): CApplication->run()
#9 {main}
REQUEST_URI=/site/test
---
2014/01/16 14:05:46 [error] [system.db.CDbCommand]    CDbCommand::execute(): SQLSTATE[23000]: Integrity constraint violation: 1452 Cannot add or update a child row: a foreign key constraint fails (`campus`.`material`, CONSTRAINT `FK_kind` FOREIGN KEY (`kind_id`) REFERENCES `kind` (`id`)).  SQL-: INSERT INTO `campus`.`material`(`id`,`title`,`desc`,`author_id`,`teacher_id`,`subj_id`,`type_id`,`kind_id`,`term`,`year`,`created`,`updated`,`status`) VALUES ( NULL,'2',NULL,NULL,2,2,2,2,2,NULL,NULL,NULL,'0');.
2014/01/16 14:05:46 [error] [exception.CDbException] exception 'CDbException' with message 'CDbCommand    SQL-: SQLSTATE[23000]: Integrity constraint violation: 1452 Cannot add or update a child row: a foreign key constraint fails (`campus`.`material`, CONSTRAINT `FK_kind` FOREIGN KEY (`kind_id`) REFERENCES `kind` (`id`)). The SQL statement executed was: INSERT INTO `campus`.`material`(`id`,`title`,`desc`,`author_id`,`teacher_id`,`subj_id`,`type_id`,`kind_id`,`term`,`year`,`created`,`updated`,`status`) VALUES ( NULL,'2',NULL,NULL,2,2,2,2,2,NULL,NULL,NULL,'0');' in D:\www\campus\framework\db\CDbCommand.php:354
Stack trace:
#0 D:\www\campus\applications\webservice\protected\controllers\SiteController.php(68): CDbCommand->execute()
#1 D:\www\campus\framework\web\actions\CInlineAction.php(50): SiteController->actionTest()
#2 D:\www\campus\framework\web\CController.php(309): CInlineAction->runWithParams(Array)
#3 D:\www\campus\framework\web\CController.php(287): CController->runAction(Object(CInlineAction))
#4 D:\www\campus\framework\web\CController.php(266): CController->runActionWithFilters(Object(CInlineAction), Array)
#5 D:\www\campus\framework\web\CWebApplication.php(276): CController->run('test')
#6 D:\www\campus\framework\web\CWebApplication.php(135): CWebApplication->runController('site/test')
#7 D:\www\campus\framework\base\CApplication.php(162): CWebApplication->processRequest()
#8 D:\www\campus\applications\webservice\index.php(8): CApplication->run()
#9 {main}
REQUEST_URI=/site/test
---
2014/01/16 14:05:49 [error] [system.db.CDbCommand]    CDbCommand::execute(): SQLSTATE[23000]: Integrity constraint violation: 1452 Cannot add or update a child row: a foreign key constraint fails (`campus`.`material`, CONSTRAINT `FK_kind` FOREIGN KEY (`kind_id`) REFERENCES `kind` (`id`)).  SQL-: INSERT INTO `campus`.`material`(`id`,`title`,`desc`,`author_id`,`teacher_id`,`subj_id`,`type_id`,`kind_id`,`term`,`year`,`created`,`updated`,`status`) VALUES ( NULL,'2',NULL,NULL,2,2,2,2,2,NULL,NULL,NULL,'0');.
2014/01/16 14:05:49 [error] [exception.CDbException] exception 'CDbException' with message 'CDbCommand    SQL-: SQLSTATE[23000]: Integrity constraint violation: 1452 Cannot add or update a child row: a foreign key constraint fails (`campus`.`material`, CONSTRAINT `FK_kind` FOREIGN KEY (`kind_id`) REFERENCES `kind` (`id`)). The SQL statement executed was: INSERT INTO `campus`.`material`(`id`,`title`,`desc`,`author_id`,`teacher_id`,`subj_id`,`type_id`,`kind_id`,`term`,`year`,`created`,`updated`,`status`) VALUES ( NULL,'2',NULL,NULL,2,2,2,2,2,NULL,NULL,NULL,'0');' in D:\www\campus\framework\db\CDbCommand.php:354
Stack trace:
#0 D:\www\campus\applications\webservice\protected\controllers\SiteController.php(68): CDbCommand->execute()
#1 D:\www\campus\framework\web\actions\CInlineAction.php(50): SiteController->actionTest()
#2 D:\www\campus\framework\web\CController.php(309): CInlineAction->runWithParams(Array)
#3 D:\www\campus\framework\web\CController.php(287): CController->runAction(Object(CInlineAction))
#4 D:\www\campus\framework\web\CController.php(266): CController->runActionWithFilters(Object(CInlineAction), Array)
#5 D:\www\campus\framework\web\CWebApplication.php(276): CController->run('test')
#6 D:\www\campus\framework\web\CWebApplication.php(135): CWebApplication->runController('site/test')
#7 D:\www\campus\framework\base\CApplication.php(162): CWebApplication->processRequest()
#8 D:\www\campus\applications\webservice\index.php(8): CApplication->run()
#9 {main}
REQUEST_URI=/site/test
---
2014/01/16 14:06:56 [error] [system.db.CDbCommand]    CDbCommand::execute(): SQLSTATE[23000]: Integrity constraint violation: 1452 Cannot add or update a child row: a foreign key constraint fails (`campus`.`material`, CONSTRAINT `FK_kind` FOREIGN KEY (`kind_id`) REFERENCES `kind` (`id`)).  SQL-: INSERT INTO `campus`.`material`(`id`,`title`,`desc`,`author_id`,`teacher_id`,`subj_id`,`type_id`,`kind_id`,`term`,`year`,`created`,`updated`,`status`) VALUES ( NULL,'2',NULL,NULL,3,3,3,3,3,NULL,NULL,NULL,'0');.
2014/01/16 14:06:56 [error] [exception.CDbException] exception 'CDbException' with message 'CDbCommand    SQL-: SQLSTATE[23000]: Integrity constraint violation: 1452 Cannot add or update a child row: a foreign key constraint fails (`campus`.`material`, CONSTRAINT `FK_kind` FOREIGN KEY (`kind_id`) REFERENCES `kind` (`id`)). The SQL statement executed was: INSERT INTO `campus`.`material`(`id`,`title`,`desc`,`author_id`,`teacher_id`,`subj_id`,`type_id`,`kind_id`,`term`,`year`,`created`,`updated`,`status`) VALUES ( NULL,'2',NULL,NULL,3,3,3,3,3,NULL,NULL,NULL,'0');' in D:\www\campus\framework\db\CDbCommand.php:354
Stack trace:
#0 D:\www\campus\applications\webservice\protected\controllers\SiteController.php(70): CDbCommand->execute()
#1 D:\www\campus\framework\web\actions\CInlineAction.php(50): SiteController->actionTest()
#2 D:\www\campus\framework\web\CController.php(309): CInlineAction->runWithParams(Array)
#3 D:\www\campus\framework\web\CController.php(287): CController->runAction(Object(CInlineAction))
#4 D:\www\campus\framework\web\CController.php(266): CController->runActionWithFilters(Object(CInlineAction), Array)
#5 D:\www\campus\framework\web\CWebApplication.php(276): CController->run('test')
#6 D:\www\campus\framework\web\CWebApplication.php(135): CWebApplication->runController('site/test')
#7 D:\www\campus\framework\base\CApplication.php(162): CWebApplication->processRequest()
#8 D:\www\campus\applications\webservice\index.php(8): CApplication->run()
#9 {main}
REQUEST_URI=/site/test
---
2014/01/16 14:07:03 [error] [system.db.CDbCommand]    CDbCommand::execute(): SQLSTATE[23000]: Integrity constraint violation: 1452 Cannot add or update a child row: a foreign key constraint fails (`campus`.`material`, CONSTRAINT `FK_kind` FOREIGN KEY (`kind_id`) REFERENCES `kind` (`id`)).  SQL-: INSERT INTO `campus`.`material`(`id`,`title`,`desc`,`author_id`,`teacher_id`,`subj_id`,`type_id`,`kind_id`,`term`,`year`,`created`,`updated`,`status`) VALUES ( NULL,'2',NULL,NULL,5,5,5,5,5,NULL,NULL,NULL,'0');.
2014/01/16 14:07:03 [error] [exception.CDbException] exception 'CDbException' with message 'CDbCommand    SQL-: SQLSTATE[23000]: Integrity constraint violation: 1452 Cannot add or update a child row: a foreign key constraint fails (`campus`.`material`, CONSTRAINT `FK_kind` FOREIGN KEY (`kind_id`) REFERENCES `kind` (`id`)). The SQL statement executed was: INSERT INTO `campus`.`material`(`id`,`title`,`desc`,`author_id`,`teacher_id`,`subj_id`,`type_id`,`kind_id`,`term`,`year`,`created`,`updated`,`status`) VALUES ( NULL,'2',NULL,NULL,5,5,5,5,5,NULL,NULL,NULL,'0');' in D:\www\campus\framework\db\CDbCommand.php:354
Stack trace:
#0 D:\www\campus\applications\webservice\protected\controllers\SiteController.php(70): CDbCommand->execute()
#1 D:\www\campus\framework\web\actions\CInlineAction.php(50): SiteController->actionTest()
#2 D:\www\campus\framework\web\CController.php(309): CInlineAction->runWithParams(Array)
#3 D:\www\campus\framework\web\CController.php(287): CController->runAction(Object(CInlineAction))
#4 D:\www\campus\framework\web\CController.php(266): CController->runActionWithFilters(Object(CInlineAction), Array)
#5 D:\www\campus\framework\web\CWebApplication.php(276): CController->run('test')
#6 D:\www\campus\framework\web\CWebApplication.php(135): CWebApplication->runController('site/test')
#7 D:\www\campus\framework\base\CApplication.php(162): CWebApplication->processRequest()
#8 D:\www\campus\applications\webservice\index.php(8): CApplication->run()
#9 {main}
REQUEST_URI=/site/test
---
